mode: set
UlboraApiGateway/database/mysqldb/db.go:33.52,36.2 2 1
UlboraApiGateway/database/mysqldb/db.go:39.35,43.2 3 1
UlboraApiGateway/database/mysqldb/db.go:46.54,49.2 2 1
UlboraApiGateway/database/mysqldb/db.go:52.45,55.2 2 1
UlboraApiGateway/database/mysqldb/db.go:58.49,61.2 2 1
UlboraApiGateway/database/mysqldb/db.go:64.54,67.2 2 1
UlboraApiGateway/database/mysqldb/db.go:70.45,73.2 2 1
UlboraApiGateway/database/mysqldb/db.go:76.64,79.2 2 1
UlboraApiGateway/database/mysqldb/db.go:82.60,85.2 2 1
UlboraApiGateway/database/mysqldb/db.go:88.55,91.2 2 1
UlboraApiGateway/database/mysqldb/db.go:94.58,97.2 2 1
UlboraApiGateway/database/mysqldb/db.go:100.54,103.2 2 1
UlboraApiGateway/database/mysqldb/db.go:106.49,109.2 2 1
UlboraApiGateway/database/mysqldb/db.go:112.60,115.2 2 1
UlboraApiGateway/database/mysqldb/db.go:118.57,121.2 2 1
UlboraApiGateway/database/mysqldb/db.go:124.55,127.2 2 1
UlboraApiGateway/database/mysqldb/db.go:130.50,133.2 2 1
UlboraApiGateway/database/mysqldb/db.go:136.46,139.2 2 1
UlboraApiGateway/database/mysqldb/db.go:142.57,145.2 2 1
UlboraApiGateway/database/mysqldb/db.go:148.48,151.2 2 1
UlboraApiGateway/database/mysqldb/db.go:154.52,157.2 2 1
UlboraApiGateway/database/mysqldb/db.go:160.57,163.2 2 1
UlboraApiGateway/database/mysqldb/db.go:166.48,169.2 2 0
UlboraApiGateway/database/mysqldb/db.go:172.56,175.2 2 1
UlboraApiGateway/database/mysqldb/db.go:178.47,181.2 2 1
UlboraApiGateway/database/mysqldb/db.go:184.49,187.2 2 1
UlboraApiGateway/database/mysqldb/db.go:190.57,193.2 2 1
UlboraApiGateway/database/mysqldb/db.go:196.51,199.2 2 1
UlboraApiGateway/database/mysqldb/db.go:202.56,205.2 2 1
UlboraApiGateway/database/mysqldb/db.go:208.60,211.2 2 1
UlboraApiGateway/database/mysqldb/db.go:214.47,217.2 2 0
UlboraApiGateway/database/mysqldb/db.go:220.53,223.2 2 1
UlboraApiGateway/database/mysqldb/db.go:226.21,229.2 2 1
