mode: atomic
UlboraApiGateway/cache/cache.go:60.42,64.16 4 1
UlboraApiGateway/cache/cache.go:88.2,88.12 1 1
UlboraApiGateway/cache/cache.go:64.16,66.3 1 0
UlboraApiGateway/cache/cache.go:66.3,68.18 2 1
UlboraApiGateway/cache/cache.go:68.18,71.4 2 0
UlboraApiGateway/cache/cache.go:71.4,75.19 4 1
UlboraApiGateway/cache/cache.go:75.19,78.5 2 0
UlboraApiGateway/cache/cache.go:78.5,82.21 4 1
UlboraApiGateway/cache/cache.go:82.21,84.6 1 0
UlboraApiGateway/cache/cache.go:92.50,97.16 4 2
UlboraApiGateway/cache/cache.go:108.2,108.12 1 2
UlboraApiGateway/cache/cache.go:97.16,100.3 2 0
UlboraApiGateway/cache/cache.go:100.3,104.19 4 2
UlboraApiGateway/cache/cache.go:104.19,106.4 1 0
UlboraApiGateway/cache/cache.go:112.48,116.17 4 1
UlboraApiGateway/cache/cache.go:134.2,134.12 1 1
UlboraApiGateway/cache/cache.go:116.17,119.3 2 0
UlboraApiGateway/cache/cache.go:119.3,122.18 3 1
UlboraApiGateway/cache/cache.go:122.18,125.4 2 0
UlboraApiGateway/cache/cache.go:125.4,129.20 4 1
UlboraApiGateway/cache/cache.go:129.20,131.5 1 0
mode: atomic
UlboraApiGateway/circuitbreaker/breaker.go:81.43,83.17 2 3
UlboraApiGateway/circuitbreaker/breaker.go:86.2,86.12 1 3
UlboraApiGateway/circuitbreaker/breaker.go:83.17,85.3 1 3
UlboraApiGateway/circuitbreaker/breaker.go:90.66,94.18 4 3
UlboraApiGateway/circuitbreaker/breaker.go:99.2,102.32 3 3
UlboraApiGateway/circuitbreaker/breaker.go:109.2,109.21 1 3
UlboraApiGateway/circuitbreaker/breaker.go:94.18,97.3 2 0
UlboraApiGateway/circuitbreaker/breaker.go:102.32,106.3 1 3
UlboraApiGateway/circuitbreaker/breaker.go:106.3,108.3 1 0
UlboraApiGateway/circuitbreaker/breaker.go:113.66,117.18 4 3
UlboraApiGateway/circuitbreaker/breaker.go:121.2,124.17 3 3
UlboraApiGateway/circuitbreaker/breaker.go:130.2,130.21 1 3
UlboraApiGateway/circuitbreaker/breaker.go:117.18,120.3 2 0
UlboraApiGateway/circuitbreaker/breaker.go:124.17,127.3 2 3
UlboraApiGateway/circuitbreaker/breaker.go:127.3,129.3 1 0
UlboraApiGateway/circuitbreaker/breaker.go:134.73,143.23 7 22
UlboraApiGateway/circuitbreaker/breaker.go:177.2,177.19 1 22
UlboraApiGateway/circuitbreaker/breaker.go:198.2,198.11 1 22
UlboraApiGateway/circuitbreaker/breaker.go:143.23,151.26 6 14
UlboraApiGateway/circuitbreaker/breaker.go:151.26,155.18 2 5
UlboraApiGateway/circuitbreaker/breaker.go:155.18,157.5 1 0
UlboraApiGateway/circuitbreaker/breaker.go:157.5,159.19 2 5
UlboraApiGateway/circuitbreaker/breaker.go:159.19,161.6 1 0
UlboraApiGateway/circuitbreaker/breaker.go:161.6,165.6 1 5
UlboraApiGateway/circuitbreaker/breaker.go:167.4,167.39 1 9
UlboraApiGateway/circuitbreaker/breaker.go:167.39,171.4 1 7
UlboraApiGateway/circuitbreaker/breaker.go:172.3,176.3 1 8
UlboraApiGateway/circuitbreaker/breaker.go:177.19,179.37 2 15
UlboraApiGateway/circuitbreaker/breaker.go:185.3,185.58 1 15
UlboraApiGateway/circuitbreaker/breaker.go:179.37,181.37 2 15
UlboraApiGateway/circuitbreaker/breaker.go:181.37,183.5 1 3
UlboraApiGateway/circuitbreaker/breaker.go:185.58,192.4 5 6
UlboraApiGateway/circuitbreaker/breaker.go:192.4,192.30 1 9
UlboraApiGateway/circuitbreaker/breaker.go:192.30,196.4 3 9
UlboraApiGateway/circuitbreaker/breaker.go:202.43,216.23 8 13
UlboraApiGateway/circuitbreaker/breaker.go:248.2,248.19 1 13
UlboraApiGateway/circuitbreaker/breaker.go:216.23,221.26 4 8
UlboraApiGateway/circuitbreaker/breaker.go:221.26,225.18 2 3
UlboraApiGateway/circuitbreaker/breaker.go:225.18,227.5 1 0
UlboraApiGateway/circuitbreaker/breaker.go:227.5,229.19 2 3
UlboraApiGateway/circuitbreaker/breaker.go:229.19,231.6 1 0
UlboraApiGateway/circuitbreaker/breaker.go:231.6,235.6 1 3
UlboraApiGateway/circuitbreaker/breaker.go:237.4,237.39 1 5
UlboraApiGateway/circuitbreaker/breaker.go:237.39,242.4 2 4
UlboraApiGateway/circuitbreaker/breaker.go:243.3,247.3 1 5
UlboraApiGateway/circuitbreaker/breaker.go:248.19,253.25 3 9
UlboraApiGateway/circuitbreaker/breaker.go:253.25,255.19 2 3
UlboraApiGateway/circuitbreaker/breaker.go:255.19,257.5 1 0
UlboraApiGateway/circuitbreaker/breaker.go:258.4,260.4 1 6
UlboraApiGateway/circuitbreaker/breaker.go:261.3,261.49 1 4
UlboraApiGateway/circuitbreaker/breaker.go:261.49,271.25 8 3
UlboraApiGateway/circuitbreaker/breaker.go:271.25,273.19 2 1
UlboraApiGateway/circuitbreaker/breaker.go:273.19,275.5 1 0
UlboraApiGateway/circuitbreaker/breaker.go:276.4,278.4 1 2
UlboraApiGateway/circuitbreaker/breaker.go:284.61,288.23 4 9
UlboraApiGateway/circuitbreaker/breaker.go:288.23,292.26 4 6
UlboraApiGateway/circuitbreaker/breaker.go:292.26,294.4 1 5
UlboraApiGateway/circuitbreaker/breaker.go:295.3,297.3 1 3
UlboraApiGateway/circuitbreaker/breaker.go:302.58,308.19 6 7
UlboraApiGateway/circuitbreaker/breaker.go:312.2,312.12 1 7
UlboraApiGateway/circuitbreaker/breaker.go:308.19,311.3 2 7
UlboraApiGateway/circuitbreaker/breaker.go:316.57,320.17 4 3
UlboraApiGateway/circuitbreaker/breaker.go:326.2,326.16 1 3
UlboraApiGateway/circuitbreaker/breaker.go:320.17,323.3 2 3
UlboraApiGateway/circuitbreaker/breaker.go:323.3,325.3 1 0
UlboraApiGateway/circuitbreaker/breaker.go:330.41,332.17 2 3
UlboraApiGateway/circuitbreaker/breaker.go:335.2,335.12 1 3
UlboraApiGateway/circuitbreaker/breaker.go:332.17,334.3 1 3
UlboraApiGateway/circuitbreaker/breaker.go:338.58,340.24 2 7
UlboraApiGateway/circuitbreaker/breaker.go:352.2,352.13 1 7
UlboraApiGateway/circuitbreaker/breaker.go:340.24,351.3 10 6
UlboraApiGateway/circuitbreaker/breaker.go:355.72,362.16 3 4
UlboraApiGateway/circuitbreaker/breaker.go:377.2,377.12 1 4
UlboraApiGateway/circuitbreaker/breaker.go:362.16,364.3 1 0
UlboraApiGateway/circuitbreaker/breaker.go:364.3,370.26 6 4
UlboraApiGateway/circuitbreaker/breaker.go:370.26,372.4 1 0
UlboraApiGateway/circuitbreaker/breaker.go:372.4,375.4 1 4
mode: atomic
UlboraApiGateway/database/db.go:55.38,57.17 2 1
UlboraApiGateway/database/db.go:60.2,60.12 1 1
UlboraApiGateway/database/db.go:57.17,59.3 1 1
UlboraApiGateway/database/db.go:64.62,67.19 3 1
UlboraApiGateway/database/db.go:79.2,79.12 1 1
UlboraApiGateway/database/db.go:67.19,72.18 3 1
UlboraApiGateway/database/db.go:75.3,75.20 1 1
UlboraApiGateway/database/db.go:72.18,74.4 1 0
UlboraApiGateway/database/db.go:75.20,77.4 1 1
UlboraApiGateway/database/db.go:83.69,85.21 2 1
UlboraApiGateway/database/db.go:88.2,88.23 1 1
UlboraApiGateway/database/db.go:85.21,87.3 1 1
UlboraApiGateway/database/db.go:92.60,94.21 2 1
UlboraApiGateway/database/db.go:97.2,97.16 1 1
UlboraApiGateway/database/db.go:94.21,96.3 1 1
UlboraApiGateway/database/db.go:101.57,104.19 3 1
UlboraApiGateway/database/db.go:108.2,108.19 1 1
UlboraApiGateway/database/db.go:104.19,107.3 2 1
UlboraApiGateway/database/db.go:112.62,115.20 3 1
UlboraApiGateway/database/db.go:119.2,119.20 1 1
UlboraApiGateway/database/db.go:115.20,118.3 2 1
UlboraApiGateway/database/db.go:123.60,126.2 2 1
UlboraApiGateway/database/db.go:129.79,131.21 2 1
UlboraApiGateway/database/db.go:134.2,134.23 1 1
UlboraApiGateway/database/db.go:131.21,133.3 1 1
UlboraApiGateway/database/db.go:138.68,141.20 3 1
UlboraApiGateway/database/db.go:145.2,145.20 1 1
UlboraApiGateway/database/db.go:141.20,144.3 2 1
UlboraApiGateway/database/db.go:149.70,152.2 2 1
UlboraApiGateway/database/db.go:155.73,157.21 2 1
UlboraApiGateway/database/db.go:160.2,160.23 1 1
UlboraApiGateway/database/db.go:157.21,159.3 1 1
UlboraApiGateway/database/db.go:164.62,167.20 3 1
UlboraApiGateway/database/db.go:171.2,171.20 1 1
UlboraApiGateway/database/db.go:167.20,170.3 2 1
UlboraApiGateway/database/db.go:175.64,178.2 2 1
UlboraApiGateway/database/db.go:181.75,183.21 2 1
UlboraApiGateway/database/db.go:186.2,186.23 1 1
UlboraApiGateway/database/db.go:183.21,185.3 1 1
UlboraApiGateway/database/db.go:190.72,192.21 2 1
UlboraApiGateway/database/db.go:195.2,195.16 1 1
UlboraApiGateway/database/db.go:192.21,194.3 1 1
UlboraApiGateway/database/db.go:199.70,201.21 2 1
UlboraApiGateway/database/db.go:204.2,204.16 1 1
UlboraApiGateway/database/db.go:201.21,203.3 1 1
UlboraApiGateway/database/db.go:208.58,211.19 3 1
UlboraApiGateway/database/db.go:215.2,215.19 1 1
UlboraApiGateway/database/db.go:211.19,214.3 2 1
UlboraApiGateway/database/db.go:219.61,222.2 2 1
UlboraApiGateway/database/db.go:225.72,227.21 2 1
UlboraApiGateway/database/db.go:230.2,230.23 1 1
UlboraApiGateway/database/db.go:227.21,229.3 1 1
UlboraApiGateway/database/db.go:234.63,236.21 2 1
UlboraApiGateway/database/db.go:239.2,239.16 1 1
UlboraApiGateway/database/db.go:236.21,238.3 1 1
UlboraApiGateway/database/db.go:243.60,246.19 3 1
UlboraApiGateway/database/db.go:250.2,250.18 1 1
UlboraApiGateway/database/db.go:246.19,249.3 2 1
UlboraApiGateway/database/db.go:254.65,257.20 3 1
UlboraApiGateway/database/db.go:261.2,261.19 1 1
UlboraApiGateway/database/db.go:257.20,260.3 2 1
UlboraApiGateway/database/db.go:265.63,268.2 2 1
UlboraApiGateway/database/db.go:271.71,273.21 2 2
UlboraApiGateway/database/db.go:276.2,276.23 1 2
UlboraApiGateway/database/db.go:273.21,275.3 1 2
UlboraApiGateway/database/db.go:280.62,282.21 2 1
UlboraApiGateway/database/db.go:285.2,285.16 1 1
UlboraApiGateway/database/db.go:282.21,284.3 1 1
UlboraApiGateway/database/db.go:289.64,291.21 2 1
UlboraApiGateway/database/db.go:294.2,294.16 1 1
UlboraApiGateway/database/db.go:291.21,293.3 1 1
UlboraApiGateway/database/db.go:298.72,300.21 2 1
UlboraApiGateway/database/db.go:303.2,303.16 1 1
UlboraApiGateway/database/db.go:300.21,302.3 1 1
UlboraApiGateway/database/db.go:307.59,310.19 3 2
UlboraApiGateway/database/db.go:314.2,314.18 1 2
UlboraApiGateway/database/db.go:310.19,313.3 2 2
UlboraApiGateway/database/db.go:318.64,321.20 3 1
UlboraApiGateway/database/db.go:325.2,325.19 1 1
UlboraApiGateway/database/db.go:321.20,324.3 2 1
UlboraApiGateway/database/db.go:329.68,334.20 3 1
UlboraApiGateway/database/db.go:338.2,338.19 1 1
UlboraApiGateway/database/db.go:334.20,337.3 2 1
UlboraApiGateway/database/db.go:342.62,345.2 2 1
UlboraApiGateway/database/db.go:348.61,351.20 3 1
UlboraApiGateway/database/db.go:355.2,355.19 1 1
UlboraApiGateway/database/db.go:351.20,354.3 2 1
UlboraApiGateway/database/db.go:359.36,361.17 2 1
UlboraApiGateway/database/db.go:364.2,364.12 1 1
UlboraApiGateway/database/db.go:361.17,363.3 1 1
mode: atomic
UlboraApiGateway/environment/environ.go:33.28,35.35 2 1
UlboraApiGateway/environment/environ.go:40.2,40.12 1 1
UlboraApiGateway/environment/environ.go:35.35,37.3 1 0
UlboraApiGateway/environment/environ.go:37.3,39.3 1 1
mode: atomic
UlboraApiGateway/gwerrors/gwErrors.go:52.48,54.17 2 1
UlboraApiGateway/gwerrors/gwErrors.go:57.2,57.12 1 1
UlboraApiGateway/gwerrors/gwErrors.go:54.17,56.3 1 1
UlboraApiGateway/gwerrors/gwErrors.go:61.74,65.18 4 2
UlboraApiGateway/gwerrors/gwErrors.go:70.2,72.32 3 2
UlboraApiGateway/gwerrors/gwErrors.go:79.2,79.21 1 2
UlboraApiGateway/gwerrors/gwErrors.go:65.18,68.3 2 0
UlboraApiGateway/gwerrors/gwErrors.go:72.32,76.3 1 2
UlboraApiGateway/gwerrors/gwErrors.go:76.3,78.3 1 0
UlboraApiGateway/gwerrors/gwErrors.go:83.128,93.2 9 1
UlboraApiGateway/gwerrors/gwErrors.go:96.68,100.20 4 1
UlboraApiGateway/gwerrors/gwErrors.go:110.2,110.13 1 1
UlboraApiGateway/gwerrors/gwErrors.go:100.20,104.28 2 1
UlboraApiGateway/gwerrors/gwErrors.go:104.28,108.4 3 1
UlboraApiGateway/gwerrors/gwErrors.go:114.55,118.17 4 2
UlboraApiGateway/gwerrors/gwErrors.go:123.2,123.16 1 2
UlboraApiGateway/gwerrors/gwErrors.go:118.17,120.3 1 1
UlboraApiGateway/gwerrors/gwErrors.go:120.3,122.3 1 1
UlboraApiGateway/gwerrors/gwErrors.go:127.46,129.17 2 1
UlboraApiGateway/gwerrors/gwErrors.go:132.2,132.12 1 1
UlboraApiGateway/gwerrors/gwErrors.go:129.17,131.3 1 1
UlboraApiGateway/gwerrors/gwErrors.go:135.54,137.24 2 1
UlboraApiGateway/gwerrors/gwErrors.go:146.2,146.13 1 1
UlboraApiGateway/gwerrors/gwErrors.go:137.24,145.3 7 1
mode: atomic
UlboraApiGateway/handlers/clientRouteHandler.go:42.75,53.33 10 8
UlboraApiGateway/handlers/clientRouteHandler.go:53.33,55.3 1 1
UlboraApiGateway/handlers/clientRouteHandler.go:55.3,56.19 1 7
UlboraApiGateway/handlers/clientRouteHandler.go:57.15,60.24 3 6
UlboraApiGateway/handlers/clientRouteHandler.go:65.4,65.21 1 6
UlboraApiGateway/handlers/clientRouteHandler.go:89.11,90.38 1 1
UlboraApiGateway/handlers/clientRouteHandler.go:60.24,62.5 1 6
UlboraApiGateway/handlers/clientRouteHandler.go:62.5,64.5 1 0
UlboraApiGateway/handlers/clientRouteHandler.go:65.21,67.5 1 0
UlboraApiGateway/handlers/clientRouteHandler.go:67.5,71.21 4 6
UlboraApiGateway/handlers/clientRouteHandler.go:71.21,74.6 2 0
UlboraApiGateway/handlers/clientRouteHandler.go:74.6,74.81 1 6
UlboraApiGateway/handlers/clientRouteHandler.go:74.81,76.6 1 1
UlboraApiGateway/handlers/clientRouteHandler.go:76.6,81.20 3 5
UlboraApiGateway/handlers/clientRouteHandler.go:85.6,86.36 2 5
UlboraApiGateway/handlers/clientRouteHandler.go:81.20,84.7 1 0
UlboraApiGateway/handlers/clientRouteHandler.go:96.74,107.33 10 4
UlboraApiGateway/handlers/clientRouteHandler.go:107.33,109.3 1 1
UlboraApiGateway/handlers/clientRouteHandler.go:109.3,110.19 1 3
UlboraApiGateway/handlers/clientRouteHandler.go:111.14,114.24 3 2
UlboraApiGateway/handlers/clientRouteHandler.go:119.4,119.21 1 2
UlboraApiGateway/handlers/clientRouteHandler.go:143.11,144.38 1 1
UlboraApiGateway/handlers/clientRouteHandler.go:114.24,116.5 1 2
UlboraApiGateway/handlers/clientRouteHandler.go:116.5,118.5 1 0
UlboraApiGateway/handlers/clientRouteHandler.go:119.21,121.5 1 0
UlboraApiGateway/handlers/clientRouteHandler.go:121.5,125.21 4 2
UlboraApiGateway/handlers/clientRouteHandler.go:125.21,128.6 2 0
UlboraApiGateway/handlers/clientRouteHandler.go:128.6,128.81 1 2
UlboraApiGateway/handlers/clientRouteHandler.go:128.81,130.6 1 1
UlboraApiGateway/handlers/clientRouteHandler.go:130.6,135.20 3 1
UlboraApiGateway/handlers/clientRouteHandler.go:139.6,140.36 2 1
UlboraApiGateway/handlers/clientRouteHandler.go:135.20,138.7 1 0
UlboraApiGateway/handlers/clientRouteHandler.go:150.74,168.17 11 3
UlboraApiGateway/handlers/clientRouteHandler.go:174.2,174.19 1 3
UlboraApiGateway/handlers/clientRouteHandler.go:180.2,180.18 1 3
UlboraApiGateway/handlers/clientRouteHandler.go:168.17,170.3 1 0
UlboraApiGateway/handlers/clientRouteHandler.go:170.3,173.3 2 3
UlboraApiGateway/handlers/clientRouteHandler.go:174.19,176.3 1 1
UlboraApiGateway/handlers/clientRouteHandler.go:181.13,185.23 4 2
UlboraApiGateway/handlers/clientRouteHandler.go:190.3,190.20 1 2
UlboraApiGateway/handlers/clientRouteHandler.go:206.10,207.37 1 1
UlboraApiGateway/handlers/clientRouteHandler.go:185.23,187.4 1 2
UlboraApiGateway/handlers/clientRouteHandler.go:187.4,189.4 1 0
UlboraApiGateway/handlers/clientRouteHandler.go:190.20,192.4 1 0
UlboraApiGateway/handlers/clientRouteHandler.go:192.4,199.18 5 2
UlboraApiGateway/handlers/clientRouteHandler.go:203.4,204.34 2 2
UlboraApiGateway/handlers/clientRouteHandler.go:199.18,202.5 1 0
UlboraApiGateway/handlers/clientRouteHandler.go:212.77,230.17 11 7
UlboraApiGateway/handlers/clientRouteHandler.go:236.2,236.19 1 7
UlboraApiGateway/handlers/clientRouteHandler.go:242.2,242.18 1 7
UlboraApiGateway/handlers/clientRouteHandler.go:230.17,232.3 1 0
UlboraApiGateway/handlers/clientRouteHandler.go:232.3,235.3 2 7
UlboraApiGateway/handlers/clientRouteHandler.go:236.19,238.3 1 1
UlboraApiGateway/handlers/clientRouteHandler.go:243.16,247.23 4 6
UlboraApiGateway/handlers/clientRouteHandler.go:252.3,252.20 1 6
UlboraApiGateway/handlers/clientRouteHandler.go:268.10,269.37 1 1
UlboraApiGateway/handlers/clientRouteHandler.go:247.23,249.4 1 6
UlboraApiGateway/handlers/clientRouteHandler.go:249.4,251.4 1 0
UlboraApiGateway/handlers/clientRouteHandler.go:252.20,254.4 1 0
UlboraApiGateway/handlers/clientRouteHandler.go:254.4,261.18 5 6
UlboraApiGateway/handlers/clientRouteHandler.go:265.4,266.34 2 6
UlboraApiGateway/handlers/clientRouteHandler.go:261.18,264.5 1 0
UlboraApiGateway/handlers/clientRouteHandler.go:274.75,284.18 9 2
UlboraApiGateway/handlers/clientRouteHandler.go:285.13,288.23 3 1
UlboraApiGateway/handlers/clientRouteHandler.go:293.3,293.20 1 1
UlboraApiGateway/handlers/clientRouteHandler.go:314.10,315.37 1 1
UlboraApiGateway/handlers/clientRouteHandler.go:288.23,290.4 1 1
UlboraApiGateway/handlers/clientRouteHandler.go:290.4,292.4 1 0
UlboraApiGateway/handlers/clientRouteHandler.go:293.20,295.4 1 0
UlboraApiGateway/handlers/clientRouteHandler.go:295.4,303.18 4 1
UlboraApiGateway/handlers/clientRouteHandler.go:307.4,308.33 2 1
UlboraApiGateway/handlers/clientRouteHandler.go:303.18,306.5 1 0
UlboraApiGateway/handlers/clientRouteHandler.go:308.33,310.5 1 0
UlboraApiGateway/handlers/clientRouteHandler.go:310.5,312.5 1 1
UlboraApiGateway/handlers/clientUserHandler.go:40.75,57.18 8 3
UlboraApiGateway/handlers/clientUserHandler.go:58.13,62.23 4 2
UlboraApiGateway/handlers/clientUserHandler.go:67.3,67.20 1 2
UlboraApiGateway/handlers/clientUserHandler.go:83.10,84.37 1 1
UlboraApiGateway/handlers/clientUserHandler.go:62.23,64.4 1 2
UlboraApiGateway/handlers/clientUserHandler.go:64.4,66.4 1 0
UlboraApiGateway/handlers/clientUserHandler.go:67.20,69.4 1 0
UlboraApiGateway/handlers/clientUserHandler.go:69.4,76.18 5 2
UlboraApiGateway/handlers/clientUserHandler.go:80.4,81.34 2 2
UlboraApiGateway/handlers/clientUserHandler.go:76.18,79.5 1 0
UlboraApiGateway/handlers/doGet.go:36.39,46.17 6 3
UlboraApiGateway/handlers/doGet.go:111.2,115.17 5 3
UlboraApiGateway/handlers/doGet.go:46.17,51.18 3 3
UlboraApiGateway/handlers/doGet.go:51.18,56.4 4 0
UlboraApiGateway/handlers/doGet.go:56.4,62.19 6 3
UlboraApiGateway/handlers/doGet.go:62.19,73.5 10 0
UlboraApiGateway/handlers/doGet.go:73.5,83.19 3 3
UlboraApiGateway/handlers/doGet.go:83.19,91.6 5 0
UlboraApiGateway/handlers/doGet.go:91.6,100.34 3 3
UlboraApiGateway/handlers/doGet.go:105.6,105.33 1 3
UlboraApiGateway/handlers/doGet.go:100.34,102.7 1 2
UlboraApiGateway/handlers/doGet.go:102.7,104.7 1 1
UlboraApiGateway/handlers/handler.go:66.47,69.31 3 10
UlboraApiGateway/handlers/handler.go:77.2,77.12 1 10
UlboraApiGateway/handlers/handler.go:69.31,70.20 1 11
UlboraApiGateway/handlers/handler.go:70.20,73.4 2 10
UlboraApiGateway/handlers/handler.go:73.4,75.4 1 1
UlboraApiGateway/handlers/handler.go:80.28,82.35 2 171
UlboraApiGateway/handlers/handler.go:87.2,87.12 1 171
UlboraApiGateway/handlers/handler.go:82.35,84.3 1 0
UlboraApiGateway/handlers/handler.go:84.3,86.3 1 171
UlboraApiGateway/handlers/handler.go:90.55,92.23 2 9
UlboraApiGateway/handlers/handler.go:92.23,98.3 1 3
UlboraApiGateway/handlers/handler.go:101.66,104.23 2 10
UlboraApiGateway/handlers/handler.go:104.23,114.3 1 79
UlboraApiGateway/handlers/handler.go:117.47,124.46 7 178
UlboraApiGateway/handlers/handler.go:129.2,129.13 1 178
UlboraApiGateway/handlers/handler.go:124.46,126.3 1 0
UlboraApiGateway/handlers/handler.go:126.3,128.3 1 178
UlboraApiGateway/handlers/handler.go:132.48,136.26 4 179
UlboraApiGateway/handlers/handler.go:140.2,145.16 5 179
UlboraApiGateway/handlers/handler.go:148.2,149.40 2 179
UlboraApiGateway/handlers/handler.go:156.2,156.12 1 179
UlboraApiGateway/handlers/handler.go:136.26,139.3 1 0
UlboraApiGateway/handlers/handler.go:145.16,147.3 1 46
UlboraApiGateway/handlers/handler.go:149.40,151.3 1 0
UlboraApiGateway/handlers/handler.go:151.3,153.3 1 179
UlboraApiGateway/handlers/handler.go:159.35,161.107 2 10
UlboraApiGateway/handlers/handler.go:164.2,164.12 1 10
UlboraApiGateway/handlers/handler.go:161.107,163.3 1 1
UlboraApiGateway/handlers/restRouteSuperHandler.go:42.83,53.33 10 6
UlboraApiGateway/handlers/restRouteSuperHandler.go:53.33,55.3 1 1
UlboraApiGateway/handlers/restRouteSuperHandler.go:55.3,56.19 1 5
UlboraApiGateway/handlers/restRouteSuperHandler.go:57.15,60.24 3 4
UlboraApiGateway/handlers/restRouteSuperHandler.go:65.4,65.21 1 4
UlboraApiGateway/handlers/restRouteSuperHandler.go:89.11,90.38 1 1
UlboraApiGateway/handlers/restRouteSuperHandler.go:60.24,62.5 1 4
UlboraApiGateway/handlers/restRouteSuperHandler.go:62.5,64.5 1 0
UlboraApiGateway/handlers/restRouteSuperHandler.go:65.21,67.5 1 0
UlboraApiGateway/handlers/restRouteSuperHandler.go:67.5,71.21 4 4
UlboraApiGateway/handlers/restRouteSuperHandler.go:71.21,74.6 2 0
UlboraApiGateway/handlers/restRouteSuperHandler.go:74.6,74.50 1 4
UlboraApiGateway/handlers/restRouteSuperHandler.go:74.50,76.6 1 1
UlboraApiGateway/handlers/restRouteSuperHandler.go:76.6,81.20 3 3
UlboraApiGateway/handlers/restRouteSuperHandler.go:85.6,86.36 2 3
UlboraApiGateway/handlers/restRouteSuperHandler.go:81.20,84.7 1 0
UlboraApiGateway/handlers/restRouteSuperHandler.go:96.82,107.33 10 4
UlboraApiGateway/handlers/restRouteSuperHandler.go:107.33,109.3 1 1
UlboraApiGateway/handlers/restRouteSuperHandler.go:109.3,110.19 1 3
UlboraApiGateway/handlers/restRouteSuperHandler.go:111.14,114.24 3 2
UlboraApiGateway/handlers/restRouteSuperHandler.go:119.4,119.21 1 2
UlboraApiGateway/handlers/restRouteSuperHandler.go:143.11,144.38 1 1
UlboraApiGateway/handlers/restRouteSuperHandler.go:114.24,116.5 1 2
UlboraApiGateway/handlers/restRouteSuperHandler.go:116.5,118.5 1 0
UlboraApiGateway/handlers/restRouteSuperHandler.go:119.21,121.5 1 0
UlboraApiGateway/handlers/restRouteSuperHandler.go:121.5,125.21 4 2
UlboraApiGateway/handlers/restRouteSuperHandler.go:125.21,128.6 2 0
UlboraApiGateway/handlers/restRouteSuperHandler.go:128.6,128.64 1 2
UlboraApiGateway/handlers/restRouteSuperHandler.go:128.64,130.6 1 1
UlboraApiGateway/handlers/restRouteSuperHandler.go:130.6,135.20 3 1
UlboraApiGateway/handlers/restRouteSuperHandler.go:139.6,140.36 2 1
UlboraApiGateway/handlers/restRouteSuperHandler.go:135.20,138.7 1 0
UlboraApiGateway/handlers/restRouteSuperHandler.go:150.82,167.17 13 4
UlboraApiGateway/handlers/restRouteSuperHandler.go:177.2,177.18 1 4
UlboraApiGateway/handlers/restRouteSuperHandler.go:180.2,180.19 1 4
UlboraApiGateway/handlers/restRouteSuperHandler.go:185.2,185.18 1 4
UlboraApiGateway/handlers/restRouteSuperHandler.go:167.17,170.3 2 0
UlboraApiGateway/handlers/restRouteSuperHandler.go:170.3,176.3 4 4
UlboraApiGateway/handlers/restRouteSuperHandler.go:177.18,179.3 1 0
UlboraApiGateway/handlers/restRouteSuperHandler.go:180.19,182.3 1 1
UlboraApiGateway/handlers/restRouteSuperHandler.go:186.13,190.23 4 3
UlboraApiGateway/handlers/restRouteSuperHandler.go:195.3,195.20 1 3
UlboraApiGateway/handlers/restRouteSuperHandler.go:212.10,213.37 1 1
UlboraApiGateway/handlers/restRouteSuperHandler.go:190.23,192.4 1 3
UlboraApiGateway/handlers/restRouteSuperHandler.go:192.4,194.4 1 0
UlboraApiGateway/handlers/restRouteSuperHandler.go:195.20,197.4 1 0
UlboraApiGateway/handlers/restRouteSuperHandler.go:197.4,205.18 6 3
UlboraApiGateway/handlers/restRouteSuperHandler.go:209.4,210.34 2 3
UlboraApiGateway/handlers/restRouteSuperHandler.go:205.18,208.5 1 0
UlboraApiGateway/handlers/restRouteSuperHandler.go:218.85,235.17 13 3
UlboraApiGateway/handlers/restRouteSuperHandler.go:245.2,245.18 1 3
UlboraApiGateway/handlers/restRouteSuperHandler.go:248.2,248.19 1 3
UlboraApiGateway/handlers/restRouteSuperHandler.go:253.2,253.18 1 3
UlboraApiGateway/handlers/restRouteSuperHandler.go:235.17,238.3 2 0
UlboraApiGateway/handlers/restRouteSuperHandler.go:238.3,244.3 4 3
UlboraApiGateway/handlers/restRouteSuperHandler.go:245.18,247.3 1 1
UlboraApiGateway/handlers/restRouteSuperHandler.go:248.19,250.3 1 0
UlboraApiGateway/handlers/restRouteSuperHandler.go:254.16,258.23 4 2
UlboraApiGateway/handlers/restRouteSuperHandler.go:263.3,263.20 1 2
UlboraApiGateway/handlers/restRouteSuperHandler.go:280.10,281.37 1 1
UlboraApiGateway/handlers/restRouteSuperHandler.go:258.23,260.4 1 2
UlboraApiGateway/handlers/restRouteSuperHandler.go:260.4,262.4 1 0
UlboraApiGateway/handlers/restRouteSuperHandler.go:263.20,265.4 1 0
UlboraApiGateway/handlers/restRouteSuperHandler.go:265.4,273.18 6 2
UlboraApiGateway/handlers/restRouteSuperHandler.go:277.4,278.34 2 2
UlboraApiGateway/handlers/restRouteSuperHandler.go:273.18,276.5 1 0
UlboraApiGateway/handlers/restRouteSuperHandler.go:286.83,303.17 12 3
UlboraApiGateway/handlers/restRouteSuperHandler.go:316.2,316.19 1 3
UlboraApiGateway/handlers/restRouteSuperHandler.go:324.2,324.18 1 3
UlboraApiGateway/handlers/restRouteSuperHandler.go:303.17,306.3 1 0
UlboraApiGateway/handlers/restRouteSuperHandler.go:306.3,312.3 2 3
UlboraApiGateway/handlers/restRouteSuperHandler.go:316.19,318.3 1 1
UlboraApiGateway/handlers/restRouteSuperHandler.go:325.13,328.23 3 2
UlboraApiGateway/handlers/restRouteSuperHandler.go:333.3,333.20 1 2
UlboraApiGateway/handlers/restRouteSuperHandler.go:355.10,356.37 1 1
UlboraApiGateway/handlers/restRouteSuperHandler.go:328.23,330.4 1 2
UlboraApiGateway/handlers/restRouteSuperHandler.go:330.4,332.4 1 0
UlboraApiGateway/handlers/restRouteSuperHandler.go:333.20,335.4 1 0
UlboraApiGateway/handlers/restRouteSuperHandler.go:335.4,344.18 5 2
UlboraApiGateway/handlers/restRouteSuperHandler.go:348.4,349.33 2 2
UlboraApiGateway/handlers/restRouteSuperHandler.go:344.18,347.5 1 0
UlboraApiGateway/handlers/restRouteSuperHandler.go:349.33,351.5 1 1
UlboraApiGateway/handlers/restRouteSuperHandler.go:351.5,353.5 1 1
UlboraApiGateway/handlers/breakerHandler.go:41.76,51.33 10 4
UlboraApiGateway/handlers/breakerHandler.go:51.33,53.3 1 1
UlboraApiGateway/handlers/breakerHandler.go:53.3,54.19 1 3
UlboraApiGateway/handlers/breakerHandler.go:55.15,58.24 3 2
UlboraApiGateway/handlers/breakerHandler.go:63.4,63.21 1 2
UlboraApiGateway/handlers/breakerHandler.go:95.11,96.38 1 1
UlboraApiGateway/handlers/breakerHandler.go:58.24,60.5 1 2
UlboraApiGateway/handlers/breakerHandler.go:60.5,62.5 1 0
UlboraApiGateway/handlers/breakerHandler.go:63.21,65.5 1 0
UlboraApiGateway/handlers/breakerHandler.go:65.5,69.21 4 2
UlboraApiGateway/handlers/breakerHandler.go:69.21,72.6 2 0
UlboraApiGateway/handlers/breakerHandler.go:72.6,72.57 1 2
UlboraApiGateway/handlers/breakerHandler.go:72.57,74.6 1 1
UlboraApiGateway/handlers/breakerHandler.go:74.6,81.20 5 1
UlboraApiGateway/handlers/breakerHandler.go:86.6,87.21 2 1
UlboraApiGateway/handlers/breakerHandler.go:91.6,92.36 2 1
UlboraApiGateway/handlers/breakerHandler.go:81.20,85.7 2 0
UlboraApiGateway/handlers/breakerHandler.go:87.21,90.7 1 0
UlboraApiGateway/handlers/breakerHandler.go:102.75,112.33 10 4
UlboraApiGateway/handlers/breakerHandler.go:112.33,114.3 1 1
UlboraApiGateway/handlers/breakerHandler.go:114.3,115.19 1 3
UlboraApiGateway/handlers/breakerHandler.go:116.14,119.24 3 2
UlboraApiGateway/handlers/breakerHandler.go:124.4,124.21 1 2
UlboraApiGateway/handlers/breakerHandler.go:156.11,157.38 1 1
UlboraApiGateway/handlers/breakerHandler.go:119.24,121.5 1 2
UlboraApiGateway/handlers/breakerHandler.go:121.5,123.5 1 0
UlboraApiGateway/handlers/breakerHandler.go:124.21,126.5 1 0
UlboraApiGateway/handlers/breakerHandler.go:126.5,130.21 4 2
UlboraApiGateway/handlers/breakerHandler.go:130.21,133.6 2 0
UlboraApiGateway/handlers/breakerHandler.go:133.6,133.71 1 2
UlboraApiGateway/handlers/breakerHandler.go:133.71,135.6 1 1
UlboraApiGateway/handlers/breakerHandler.go:135.6,142.20 5 1
UlboraApiGateway/handlers/breakerHandler.go:147.6,148.21 2 1
UlboraApiGateway/handlers/breakerHandler.go:152.6,153.36 2 1
UlboraApiGateway/handlers/breakerHandler.go:142.20,146.7 3 0
UlboraApiGateway/handlers/breakerHandler.go:148.21,151.7 1 0
UlboraApiGateway/handlers/breakerHandler.go:163.77,173.33 10 4
UlboraApiGateway/handlers/breakerHandler.go:173.33,175.3 1 1
UlboraApiGateway/handlers/breakerHandler.go:175.3,176.19 1 3
UlboraApiGateway/handlers/breakerHandler.go:177.15,180.24 3 2
UlboraApiGateway/handlers/breakerHandler.go:185.4,185.21 1 2
UlboraApiGateway/handlers/breakerHandler.go:212.11,213.38 1 1
UlboraApiGateway/handlers/breakerHandler.go:180.24,182.5 1 2
UlboraApiGateway/handlers/breakerHandler.go:182.5,184.5 1 0
UlboraApiGateway/handlers/breakerHandler.go:185.21,187.5 1 0
UlboraApiGateway/handlers/breakerHandler.go:187.5,191.21 4 2
UlboraApiGateway/handlers/breakerHandler.go:191.21,194.6 2 0
UlboraApiGateway/handlers/breakerHandler.go:194.6,194.34 1 2
UlboraApiGateway/handlers/breakerHandler.go:194.34,196.6 1 1
UlboraApiGateway/handlers/breakerHandler.go:196.6,204.21 6 1
UlboraApiGateway/handlers/breakerHandler.go:208.6,209.36 2 1
UlboraApiGateway/handlers/breakerHandler.go:204.21,207.7 1 0
UlboraApiGateway/handlers/breakerHandler.go:219.75,238.17 13 4
UlboraApiGateway/handlers/breakerHandler.go:250.2,250.19 1 4
UlboraApiGateway/handlers/breakerHandler.go:253.2,253.19 1 4
UlboraApiGateway/handlers/breakerHandler.go:257.2,257.18 1 4
UlboraApiGateway/handlers/breakerHandler.go:238.17,241.3 2 0
UlboraApiGateway/handlers/breakerHandler.go:241.3,248.3 4 4
UlboraApiGateway/handlers/breakerHandler.go:250.19,252.3 1 0
UlboraApiGateway/handlers/breakerHandler.go:253.19,255.3 1 0
UlboraApiGateway/handlers/breakerHandler.go:258.13,262.23 4 3
UlboraApiGateway/handlers/breakerHandler.go:267.3,267.20 1 3
UlboraApiGateway/handlers/breakerHandler.go:285.10,286.37 1 1
UlboraApiGateway/handlers/breakerHandler.go:262.23,264.4 1 3
UlboraApiGateway/handlers/breakerHandler.go:264.4,266.4 1 0
UlboraApiGateway/handlers/breakerHandler.go:267.20,269.4 1 0
UlboraApiGateway/handlers/breakerHandler.go:269.4,278.18 7 3
UlboraApiGateway/handlers/breakerHandler.go:282.4,283.34 2 3
UlboraApiGateway/handlers/breakerHandler.go:278.18,281.5 1 0
UlboraApiGateway/handlers/breakerHandler.go:291.78,308.17 13 3
UlboraApiGateway/handlers/breakerHandler.go:320.2,320.19 1 3
UlboraApiGateway/handlers/breakerHandler.go:323.2,323.19 1 3
UlboraApiGateway/handlers/breakerHandler.go:329.2,329.18 1 3
UlboraApiGateway/handlers/breakerHandler.go:308.17,311.3 2 0
UlboraApiGateway/handlers/breakerHandler.go:311.3,318.3 4 3
UlboraApiGateway/handlers/breakerHandler.go:320.19,322.3 1 1
UlboraApiGateway/handlers/breakerHandler.go:323.19,325.3 1 0
UlboraApiGateway/handlers/breakerHandler.go:330.16,334.23 4 2
UlboraApiGateway/handlers/breakerHandler.go:339.3,339.20 1 2
UlboraApiGateway/handlers/breakerHandler.go:359.10,360.37 1 1
UlboraApiGateway/handlers/breakerHandler.go:334.23,336.4 1 2
UlboraApiGateway/handlers/breakerHandler.go:336.4,338.4 1 0
UlboraApiGateway/handlers/breakerHandler.go:339.20,341.4 1 0
UlboraApiGateway/handlers/breakerHandler.go:341.4,352.18 9 2
UlboraApiGateway/handlers/breakerHandler.go:356.4,357.34 2 2
UlboraApiGateway/handlers/breakerHandler.go:352.18,355.5 1 0
UlboraApiGateway/handlers/breakerHandler.go:365.78,379.17 11 4
UlboraApiGateway/handlers/breakerHandler.go:387.2,387.19 1 4
UlboraApiGateway/handlers/breakerHandler.go:393.2,393.18 1 4
UlboraApiGateway/handlers/breakerHandler.go:379.17,381.3 1 0
UlboraApiGateway/handlers/breakerHandler.go:381.3,385.3 2 4
UlboraApiGateway/handlers/breakerHandler.go:387.19,389.3 1 1
UlboraApiGateway/handlers/breakerHandler.go:394.13,398.23 4 3
UlboraApiGateway/handlers/breakerHandler.go:403.3,403.20 1 3
UlboraApiGateway/handlers/breakerHandler.go:418.10,419.37 1 1
UlboraApiGateway/handlers/breakerHandler.go:398.23,400.4 1 3
UlboraApiGateway/handlers/breakerHandler.go:400.4,402.4 1 0
UlboraApiGateway/handlers/breakerHandler.go:403.20,405.4 1 0
UlboraApiGateway/handlers/breakerHandler.go:405.4,411.18 3 3
UlboraApiGateway/handlers/breakerHandler.go:415.4,416.34 2 3
UlboraApiGateway/handlers/breakerHandler.go:411.18,414.5 1 0
UlboraApiGateway/handlers/doDelete.go:36.42,46.17 6 2
UlboraApiGateway/handlers/doDelete.go:99.2,103.17 5 2
UlboraApiGateway/handlers/doDelete.go:46.17,53.18 3 2
UlboraApiGateway/handlers/doDelete.go:53.18,58.4 4 0
UlboraApiGateway/handlers/doDelete.go:58.4,64.19 6 2
UlboraApiGateway/handlers/doDelete.go:64.19,72.5 7 0
UlboraApiGateway/handlers/doDelete.go:72.5,75.19 3 2
UlboraApiGateway/handlers/doDelete.go:75.19,83.6 7 0
UlboraApiGateway/handlers/doDelete.go:83.6,88.34 3 2
UlboraApiGateway/handlers/doDelete.go:93.6,93.33 1 2
UlboraApiGateway/handlers/doDelete.go:88.34,90.7 1 2
UlboraApiGateway/handlers/doDelete.go:90.7,92.7 1 0
UlboraApiGateway/handlers/doPostPutPatch.go:36.48,46.17 6 3
UlboraApiGateway/handlers/doPostPutPatch.go:108.2,112.17 5 3
UlboraApiGateway/handlers/doPostPutPatch.go:46.17,53.17 3 3
UlboraApiGateway/handlers/doPostPutPatch.go:59.3,60.18 2 3
UlboraApiGateway/handlers/doPostPutPatch.go:53.17,55.4 1 0
UlboraApiGateway/handlers/doPostPutPatch.go:60.18,65.4 4 0
UlboraApiGateway/handlers/doPostPutPatch.go:65.4,71.19 6 3
UlboraApiGateway/handlers/doPostPutPatch.go:71.19,81.5 9 0
UlboraApiGateway/handlers/doPostPutPatch.go:81.5,84.19 3 3
UlboraApiGateway/handlers/doPostPutPatch.go:84.19,92.6 7 0
UlboraApiGateway/handlers/doPostPutPatch.go:92.6,97.34 3 3
UlboraApiGateway/handlers/doPostPutPatch.go:102.6,102.33 1 3
UlboraApiGateway/handlers/doPostPutPatch.go:97.34,99.7 1 2
UlboraApiGateway/handlers/doPostPutPatch.go:99.7,101.7 1 1
UlboraApiGateway/handlers/restRouteHandler.go:42.78,53.33 10 4
UlboraApiGateway/handlers/restRouteHandler.go:53.33,55.3 1 1
UlboraApiGateway/handlers/restRouteHandler.go:55.3,56.19 1 3
UlboraApiGateway/handlers/restRouteHandler.go:57.15,60.24 3 2
UlboraApiGateway/handlers/restRouteHandler.go:65.4,65.21 1 2
UlboraApiGateway/handlers/restRouteHandler.go:90.11,91.38 1 1
UlboraApiGateway/handlers/restRouteHandler.go:60.24,62.5 1 2
UlboraApiGateway/handlers/restRouteHandler.go:62.5,64.5 1 0
UlboraApiGateway/handlers/restRouteHandler.go:65.21,67.5 1 0
UlboraApiGateway/handlers/restRouteHandler.go:67.5,71.21 4 2
UlboraApiGateway/handlers/restRouteHandler.go:71.21,74.6 2 0
UlboraApiGateway/handlers/restRouteHandler.go:74.6,74.30 1 2
UlboraApiGateway/handlers/restRouteHandler.go:74.30,76.6 1 1
UlboraApiGateway/handlers/restRouteHandler.go:76.6,82.20 4 1
UlboraApiGateway/handlers/restRouteHandler.go:86.6,87.36 2 1
UlboraApiGateway/handlers/restRouteHandler.go:82.20,85.7 2 0
UlboraApiGateway/handlers/restRouteHandler.go:97.77,108.33 10 4
UlboraApiGateway/handlers/restRouteHandler.go:108.33,110.3 1 1
UlboraApiGateway/handlers/restRouteHandler.go:110.3,111.19 1 3
UlboraApiGateway/handlers/restRouteHandler.go:112.14,115.24 3 2
UlboraApiGateway/handlers/restRouteHandler.go:120.4,120.21 1 2
UlboraApiGateway/handlers/restRouteHandler.go:145.11,146.38 1 1
UlboraApiGateway/handlers/restRouteHandler.go:115.24,117.5 1 2
UlboraApiGateway/handlers/restRouteHandler.go:117.5,119.5 1 0
UlboraApiGateway/handlers/restRouteHandler.go:120.21,122.5 1 0
UlboraApiGateway/handlers/restRouteHandler.go:122.5,126.21 4 2
UlboraApiGateway/handlers/restRouteHandler.go:126.21,129.6 2 0
UlboraApiGateway/handlers/restRouteHandler.go:129.6,129.44 1 2
UlboraApiGateway/handlers/restRouteHandler.go:129.44,131.6 1 1
UlboraApiGateway/handlers/restRouteHandler.go:131.6,137.20 4 1
UlboraApiGateway/handlers/restRouteHandler.go:141.6,142.36 2 1
UlboraApiGateway/handlers/restRouteHandler.go:137.20,140.7 2 0
UlboraApiGateway/handlers/restRouteHandler.go:152.77,167.17 11 4
UlboraApiGateway/handlers/restRouteHandler.go:173.2,173.18 1 4
UlboraApiGateway/handlers/restRouteHandler.go:179.2,179.18 1 4
UlboraApiGateway/handlers/restRouteHandler.go:167.17,169.3 1 0
UlboraApiGateway/handlers/restRouteHandler.go:169.3,172.3 2 4
UlboraApiGateway/handlers/restRouteHandler.go:173.18,175.3 1 1
UlboraApiGateway/handlers/restRouteHandler.go:180.13,184.23 4 3
UlboraApiGateway/handlers/restRouteHandler.go:189.3,189.20 1 3
UlboraApiGateway/handlers/restRouteHandler.go:206.10,207.37 1 1
UlboraApiGateway/handlers/restRouteHandler.go:184.23,186.4 1 3
UlboraApiGateway/handlers/restRouteHandler.go:186.4,188.4 1 0
UlboraApiGateway/handlers/restRouteHandler.go:189.20,191.4 1 0
UlboraApiGateway/handlers/restRouteHandler.go:191.4,199.18 6 3
UlboraApiGateway/handlers/restRouteHandler.go:203.4,204.34 2 3
UlboraApiGateway/handlers/restRouteHandler.go:199.18,202.5 1 0
UlboraApiGateway/handlers/restRouteHandler.go:212.80,227.17 11 3
UlboraApiGateway/handlers/restRouteHandler.go:233.2,233.18 1 3
UlboraApiGateway/handlers/restRouteHandler.go:239.2,239.18 1 3
UlboraApiGateway/handlers/restRouteHandler.go:227.17,229.3 1 0
UlboraApiGateway/handlers/restRouteHandler.go:229.3,232.3 2 3
UlboraApiGateway/handlers/restRouteHandler.go:233.18,235.3 1 1
UlboraApiGateway/handlers/restRouteHandler.go:240.16,244.23 4 2
UlboraApiGateway/handlers/restRouteHandler.go:249.3,249.20 1 2
UlboraApiGateway/handlers/restRouteHandler.go:266.10,267.37 1 1
UlboraApiGateway/handlers/restRouteHandler.go:244.23,246.4 1 2
UlboraApiGateway/handlers/restRouteHandler.go:246.4,248.4 1 0
UlboraApiGateway/handlers/restRouteHandler.go:249.20,251.4 1 0
UlboraApiGateway/handlers/restRouteHandler.go:251.4,259.18 6 2
UlboraApiGateway/handlers/restRouteHandler.go:263.4,264.34 2 2
UlboraApiGateway/handlers/restRouteHandler.go:259.18,262.5 1 0
UlboraApiGateway/handlers/restRouteHandler.go:272.78,282.18 9 2
UlboraApiGateway/handlers/restRouteHandler.go:283.13,286.23 3 1
UlboraApiGateway/handlers/restRouteHandler.go:291.3,291.20 1 1
UlboraApiGateway/handlers/restRouteHandler.go:313.10,314.37 1 1
UlboraApiGateway/handlers/restRouteHandler.go:286.23,288.4 1 1
UlboraApiGateway/handlers/restRouteHandler.go:288.4,290.4 1 0
UlboraApiGateway/handlers/restRouteHandler.go:291.20,293.4 1 0
UlboraApiGateway/handlers/restRouteHandler.go:293.4,302.18 5 1
UlboraApiGateway/handlers/restRouteHandler.go:306.4,307.33 2 1
UlboraApiGateway/handlers/restRouteHandler.go:302.18,305.5 1 0
UlboraApiGateway/handlers/restRouteHandler.go:307.33,309.5 1 0
UlboraApiGateway/handlers/restRouteHandler.go:309.5,311.5 1 1
UlboraApiGateway/handlers/routeUrlHandler.go:42.77,53.33 10 5
UlboraApiGateway/handlers/routeUrlHandler.go:53.33,55.3 1 1
UlboraApiGateway/handlers/routeUrlHandler.go:55.3,56.19 1 4
UlboraApiGateway/handlers/routeUrlHandler.go:57.15,60.24 3 3
UlboraApiGateway/handlers/routeUrlHandler.go:65.4,65.21 1 3
UlboraApiGateway/handlers/routeUrlHandler.go:91.11,92.38 1 1
UlboraApiGateway/handlers/routeUrlHandler.go:60.24,62.5 1 3
UlboraApiGateway/handlers/routeUrlHandler.go:62.5,64.5 1 0
UlboraApiGateway/handlers/routeUrlHandler.go:65.21,67.5 1 0
UlboraApiGateway/handlers/routeUrlHandler.go:67.5,71.21 4 3
UlboraApiGateway/handlers/routeUrlHandler.go:71.21,74.6 2 0
UlboraApiGateway/handlers/routeUrlHandler.go:74.6,74.64 1 3
UlboraApiGateway/handlers/routeUrlHandler.go:74.64,76.6 1 1
UlboraApiGateway/handlers/routeUrlHandler.go:76.6,83.20 5 2
UlboraApiGateway/handlers/routeUrlHandler.go:87.6,88.36 2 2
UlboraApiGateway/handlers/routeUrlHandler.go:83.20,86.7 1 0
UlboraApiGateway/handlers/routeUrlHandler.go:98.76,109.33 10 4
UlboraApiGateway/handlers/routeUrlHandler.go:109.33,111.3 1 1
UlboraApiGateway/handlers/routeUrlHandler.go:111.3,112.19 1 3
UlboraApiGateway/handlers/routeUrlHandler.go:113.14,116.24 3 2
UlboraApiGateway/handlers/routeUrlHandler.go:121.4,121.21 1 2
UlboraApiGateway/handlers/routeUrlHandler.go:147.11,148.38 1 1
UlboraApiGateway/handlers/routeUrlHandler.go:116.24,118.5 1 2
UlboraApiGateway/handlers/routeUrlHandler.go:118.5,120.5 1 0
UlboraApiGateway/handlers/routeUrlHandler.go:121.21,123.5 1 0
UlboraApiGateway/handlers/routeUrlHandler.go:123.5,127.21 4 2
UlboraApiGateway/handlers/routeUrlHandler.go:127.21,130.6 2 0
UlboraApiGateway/handlers/routeUrlHandler.go:130.6,130.78 1 2
UlboraApiGateway/handlers/routeUrlHandler.go:130.78,132.6 1 1
UlboraApiGateway/handlers/routeUrlHandler.go:132.6,139.20 5 1
UlboraApiGateway/handlers/routeUrlHandler.go:143.6,144.36 2 1
UlboraApiGateway/handlers/routeUrlHandler.go:139.20,142.7 1 0
UlboraApiGateway/handlers/routeUrlHandler.go:154.81,165.33 10 5
UlboraApiGateway/handlers/routeUrlHandler.go:165.33,167.3 1 1
UlboraApiGateway/handlers/routeUrlHandler.go:167.3,168.19 1 4
UlboraApiGateway/handlers/routeUrlHandler.go:169.14,172.24 3 3
UlboraApiGateway/handlers/routeUrlHandler.go:177.4,177.21 1 3
UlboraApiGateway/handlers/routeUrlHandler.go:203.11,204.38 1 1
UlboraApiGateway/handlers/routeUrlHandler.go:172.24,174.5 1 3
UlboraApiGateway/handlers/routeUrlHandler.go:174.5,176.5 1 0
UlboraApiGateway/handlers/routeUrlHandler.go:177.21,179.5 1 0
UlboraApiGateway/handlers/routeUrlHandler.go:179.5,183.21 4 3
UlboraApiGateway/handlers/routeUrlHandler.go:183.21,186.6 2 0
UlboraApiGateway/handlers/routeUrlHandler.go:186.6,186.45 1 3
UlboraApiGateway/handlers/routeUrlHandler.go:186.45,188.6 1 1
UlboraApiGateway/handlers/routeUrlHandler.go:188.6,195.20 5 2
UlboraApiGateway/handlers/routeUrlHandler.go:199.6,200.36 2 2
UlboraApiGateway/handlers/routeUrlHandler.go:195.20,198.7 1 0
UlboraApiGateway/handlers/routeUrlHandler.go:210.76,229.17 13 4
UlboraApiGateway/handlers/routeUrlHandler.go:243.2,243.18 1 4
UlboraApiGateway/handlers/routeUrlHandler.go:246.2,246.19 1 4
UlboraApiGateway/handlers/routeUrlHandler.go:264.2,264.18 1 4
UlboraApiGateway/handlers/routeUrlHandler.go:229.17,233.3 2 0
UlboraApiGateway/handlers/routeUrlHandler.go:233.3,242.3 4 4
UlboraApiGateway/handlers/routeUrlHandler.go:243.18,245.3 1 0
UlboraApiGateway/handlers/routeUrlHandler.go:246.19,248.3 1 1
UlboraApiGateway/handlers/routeUrlHandler.go:265.13,269.23 4 3
UlboraApiGateway/handlers/routeUrlHandler.go:274.3,274.20 1 3
UlboraApiGateway/handlers/routeUrlHandler.go:292.10,293.37 1 1
UlboraApiGateway/handlers/routeUrlHandler.go:269.23,271.4 1 3
UlboraApiGateway/handlers/routeUrlHandler.go:271.4,273.4 1 0
UlboraApiGateway/handlers/routeUrlHandler.go:274.20,276.4 1 0
UlboraApiGateway/handlers/routeUrlHandler.go:276.4,285.18 7 3
UlboraApiGateway/handlers/routeUrlHandler.go:289.4,290.34 2 3
UlboraApiGateway/handlers/routeUrlHandler.go:285.18,288.5 1 0
UlboraApiGateway/handlers/routeUrlHandler.go:299.79,318.17 13 4
UlboraApiGateway/handlers/routeUrlHandler.go:332.2,332.18 1 4
UlboraApiGateway/handlers/routeUrlHandler.go:335.2,335.19 1 4
UlboraApiGateway/handlers/routeUrlHandler.go:350.2,350.18 1 4
UlboraApiGateway/handlers/routeUrlHandler.go:318.17,322.3 2 0
UlboraApiGateway/handlers/routeUrlHandler.go:322.3,331.3 4 4
UlboraApiGateway/handlers/routeUrlHandler.go:332.18,334.3 1 0
UlboraApiGateway/handlers/routeUrlHandler.go:335.19,337.3 1 1
UlboraApiGateway/handlers/routeUrlHandler.go:351.16,355.23 4 3
UlboraApiGateway/handlers/routeUrlHandler.go:360.3,360.20 1 3
UlboraApiGateway/handlers/routeUrlHandler.go:379.10,380.37 1 1
UlboraApiGateway/handlers/routeUrlHandler.go:355.23,357.4 1 3
UlboraApiGateway/handlers/routeUrlHandler.go:357.4,359.4 1 0
UlboraApiGateway/handlers/routeUrlHandler.go:360.20,362.4 1 0
UlboraApiGateway/handlers/routeUrlHandler.go:362.4,372.18 8 3
UlboraApiGateway/handlers/routeUrlHandler.go:376.4,377.34 2 3
UlboraApiGateway/handlers/routeUrlHandler.go:372.18,375.5 1 0
UlboraApiGateway/handlers/routeUrlHandler.go:385.77,404.17 12 3
UlboraApiGateway/handlers/routeUrlHandler.go:421.2,421.19 1 3
UlboraApiGateway/handlers/routeUrlHandler.go:429.2,429.18 1 3
UlboraApiGateway/handlers/routeUrlHandler.go:404.17,408.3 1 0
UlboraApiGateway/handlers/routeUrlHandler.go:408.3,417.3 2 3
UlboraApiGateway/handlers/routeUrlHandler.go:421.19,423.3 1 1
UlboraApiGateway/handlers/routeUrlHandler.go:430.13,433.23 3 2
UlboraApiGateway/handlers/routeUrlHandler.go:438.3,438.20 1 2
UlboraApiGateway/handlers/routeUrlHandler.go:461.10,462.37 1 1
UlboraApiGateway/handlers/routeUrlHandler.go:433.23,435.4 1 2
UlboraApiGateway/handlers/routeUrlHandler.go:435.4,437.4 1 0
UlboraApiGateway/handlers/routeUrlHandler.go:438.20,440.4 1 0
UlboraApiGateway/handlers/routeUrlHandler.go:440.4,450.18 6 2
UlboraApiGateway/handlers/routeUrlHandler.go:454.4,455.33 2 2
UlboraApiGateway/handlers/routeUrlHandler.go:450.18,453.5 1 0
UlboraApiGateway/handlers/routeUrlHandler.go:455.33,457.5 1 1
UlboraApiGateway/handlers/routeUrlHandler.go:457.5,459.5 1 1
UlboraApiGateway/handlers/performanceHandler.go:39.80,48.33 9 4
UlboraApiGateway/handlers/performanceHandler.go:48.33,50.3 1 1
UlboraApiGateway/handlers/performanceHandler.go:50.3,51.19 1 3
UlboraApiGateway/handlers/performanceHandler.go:52.15,55.24 3 2
UlboraApiGateway/handlers/performanceHandler.go:60.4,60.21 1 2
UlboraApiGateway/handlers/performanceHandler.go:89.11,90.38 1 1
UlboraApiGateway/handlers/performanceHandler.go:55.24,57.5 1 2
UlboraApiGateway/handlers/performanceHandler.go:57.5,59.5 1 0
UlboraApiGateway/handlers/performanceHandler.go:60.21,62.5 1 0
UlboraApiGateway/handlers/performanceHandler.go:62.5,66.21 4 2
UlboraApiGateway/handlers/performanceHandler.go:66.21,69.6 2 0
UlboraApiGateway/handlers/performanceHandler.go:69.6,69.74 1 2
UlboraApiGateway/handlers/performanceHandler.go:69.74,71.6 1 1
UlboraApiGateway/handlers/performanceHandler.go:71.6,76.20 3 1
UlboraApiGateway/handlers/performanceHandler.go:80.6,82.35 2 1
UlboraApiGateway/handlers/performanceHandler.go:76.20,79.7 2 0
UlboraApiGateway/handlers/performanceHandler.go:82.35,84.7 1 0
UlboraApiGateway/handlers/performanceHandler.go:84.7,86.7 1 1
UlboraApiGateway/handlers/performanceHandler.go:96.75,105.33 9 4
UlboraApiGateway/handlers/performanceHandler.go:105.33,107.3 1 1
UlboraApiGateway/handlers/performanceHandler.go:107.3,108.19 1 3
UlboraApiGateway/handlers/performanceHandler.go:109.15,112.24 3 2
UlboraApiGateway/handlers/performanceHandler.go:117.4,117.21 1 2
UlboraApiGateway/handlers/performanceHandler.go:147.11,148.38 1 1
UlboraApiGateway/handlers/performanceHandler.go:112.24,114.5 1 2
UlboraApiGateway/handlers/performanceHandler.go:114.5,116.5 1 0
UlboraApiGateway/handlers/performanceHandler.go:117.21,119.5 1 0
UlboraApiGateway/handlers/performanceHandler.go:119.5,123.21 4 2
UlboraApiGateway/handlers/performanceHandler.go:123.21,126.6 2 0
UlboraApiGateway/handlers/performanceHandler.go:126.6,126.55 1 2
UlboraApiGateway/handlers/performanceHandler.go:126.55,128.6 1 1
UlboraApiGateway/handlers/performanceHandler.go:128.6,134.20 4 1
UlboraApiGateway/handlers/performanceHandler.go:138.6,140.35 2 1
UlboraApiGateway/handlers/performanceHandler.go:134.20,137.7 2 0
UlboraApiGateway/handlers/performanceHandler.go:140.35,142.7 1 0
UlboraApiGateway/handlers/performanceHandler.go:142.7,144.7 1 1
UlboraApiGateway/handlers/routeUrlSuperHandler.go:42.82,53.33 10 5
UlboraApiGateway/handlers/routeUrlSuperHandler.go:53.33,55.3 1 1
UlboraApiGateway/handlers/routeUrlSuperHandler.go:55.3,56.19 1 4
UlboraApiGateway/handlers/routeUrlSuperHandler.go:57.15,60.24 3 3
UlboraApiGateway/handlers/routeUrlSuperHandler.go:65.4,65.21 1 3
UlboraApiGateway/handlers/routeUrlSuperHandler.go:90.11,91.38 1 1
UlboraApiGateway/handlers/routeUrlSuperHandler.go:60.24,62.5 1 3
UlboraApiGateway/handlers/routeUrlSuperHandler.go:62.5,64.5 1 0
UlboraApiGateway/handlers/routeUrlSuperHandler.go:65.21,67.5 1 0
UlboraApiGateway/handlers/routeUrlSuperHandler.go:67.5,71.21 4 3
UlboraApiGateway/handlers/routeUrlSuperHandler.go:71.21,74.6 2 0
UlboraApiGateway/handlers/routeUrlSuperHandler.go:74.6,74.84 1 3
UlboraApiGateway/handlers/routeUrlSuperHandler.go:74.84,76.6 1 1
UlboraApiGateway/handlers/routeUrlSuperHandler.go:76.6,82.20 4 2
UlboraApiGateway/handlers/routeUrlSuperHandler.go:86.6,87.36 2 2
UlboraApiGateway/handlers/routeUrlSuperHandler.go:82.20,85.7 1 0
UlboraApiGateway/handlers/routeUrlSuperHandler.go:97.81,108.33 10 4
UlboraApiGateway/handlers/routeUrlSuperHandler.go:108.33,110.3 1 1
UlboraApiGateway/handlers/routeUrlSuperHandler.go:110.3,111.19 1 3
UlboraApiGateway/handlers/routeUrlSuperHandler.go:112.14,115.24 3 2
UlboraApiGateway/handlers/routeUrlSuperHandler.go:120.4,120.21 1 2
UlboraApiGateway/handlers/routeUrlSuperHandler.go:145.11,146.38 1 1
UlboraApiGateway/handlers/routeUrlSuperHandler.go:115.24,117.5 1 2
UlboraApiGateway/handlers/routeUrlSuperHandler.go:117.5,119.5 1 0
UlboraApiGateway/handlers/routeUrlSuperHandler.go:120.21,122.5 1 0
UlboraApiGateway/handlers/routeUrlSuperHandler.go:122.5,126.21 4 2
UlboraApiGateway/handlers/routeUrlSuperHandler.go:126.21,129.6 2 0
UlboraApiGateway/handlers/routeUrlSuperHandler.go:129.6,129.98 1 2
UlboraApiGateway/handlers/routeUrlSuperHandler.go:129.98,131.6 1 1
UlboraApiGateway/handlers/routeUrlSuperHandler.go:131.6,137.20 4 1
UlboraApiGateway/handlers/routeUrlSuperHandler.go:141.6,142.36 2 1
UlboraApiGateway/handlers/routeUrlSuperHandler.go:137.20,140.7 1 0
UlboraApiGateway/handlers/routeUrlSuperHandler.go:152.86,163.33 10 5
UlboraApiGateway/handlers/routeUrlSuperHandler.go:163.33,165.3 1 1
UlboraApiGateway/handlers/routeUrlSuperHandler.go:165.3,166.19 1 4
UlboraApiGateway/handlers/routeUrlSuperHandler.go:167.14,170.24 3 3
UlboraApiGateway/handlers/routeUrlSuperHandler.go:175.4,175.21 1 3
UlboraApiGateway/handlers/routeUrlSuperHandler.go:200.11,201.38 1 1
UlboraApiGateway/handlers/routeUrlSuperHandler.go:170.24,172.5 1 3
UlboraApiGateway/handlers/routeUrlSuperHandler.go:172.5,174.5 1 0
UlboraApiGateway/handlers/routeUrlSuperHandler.go:175.21,177.5 1 0
UlboraApiGateway/handlers/routeUrlSuperHandler.go:177.5,181.21 4 3
UlboraApiGateway/handlers/routeUrlSuperHandler.go:181.21,184.6 2 0
UlboraApiGateway/handlers/routeUrlSuperHandler.go:184.6,184.65 1 3
UlboraApiGateway/handlers/routeUrlSuperHandler.go:184.65,186.6 1 1
UlboraApiGateway/handlers/routeUrlSuperHandler.go:186.6,192.20 4 2
UlboraApiGateway/handlers/routeUrlSuperHandler.go:196.6,197.36 2 2
UlboraApiGateway/handlers/routeUrlSuperHandler.go:192.20,195.7 1 0
UlboraApiGateway/handlers/routeUrlSuperHandler.go:207.81,226.17 15 4
UlboraApiGateway/handlers/routeUrlSuperHandler.go:240.2,240.18 1 4
UlboraApiGateway/handlers/routeUrlSuperHandler.go:243.2,243.19 1 4
UlboraApiGateway/handlers/routeUrlSuperHandler.go:246.2,246.19 1 4
UlboraApiGateway/handlers/routeUrlSuperHandler.go:252.2,252.18 1 4
UlboraApiGateway/handlers/routeUrlSuperHandler.go:226.17,230.3 3 0
UlboraApiGateway/handlers/routeUrlSuperHandler.go:230.3,239.3 6 4
UlboraApiGateway/handlers/routeUrlSuperHandler.go:240.18,242.3 1 0
UlboraApiGateway/handlers/routeUrlSuperHandler.go:243.19,245.3 1 1
UlboraApiGateway/handlers/routeUrlSuperHandler.go:246.19,248.3 1 0
UlboraApiGateway/handlers/routeUrlSuperHandler.go:253.13,257.23 4 3
UlboraApiGateway/handlers/routeUrlSuperHandler.go:262.3,262.20 1 3
UlboraApiGateway/handlers/routeUrlSuperHandler.go:280.10,281.37 1 1
UlboraApiGateway/handlers/routeUrlSuperHandler.go:257.23,259.4 1 3
UlboraApiGateway/handlers/routeUrlSuperHandler.go:259.4,261.4 1 0
UlboraApiGateway/handlers/routeUrlSuperHandler.go:262.20,264.4 1 0
UlboraApiGateway/handlers/routeUrlSuperHandler.go:264.4,273.18 7 3
UlboraApiGateway/handlers/routeUrlSuperHandler.go:277.4,278.34 2 3
UlboraApiGateway/handlers/routeUrlSuperHandler.go:273.18,276.5 1 0
UlboraApiGateway/handlers/routeUrlSuperHandler.go:286.84,305.17 15 4
UlboraApiGateway/handlers/routeUrlSuperHandler.go:319.2,319.18 1 4
UlboraApiGateway/handlers/routeUrlSuperHandler.go:322.2,322.19 1 4
UlboraApiGateway/handlers/routeUrlSuperHandler.go:325.2,325.19 1 4
UlboraApiGateway/handlers/routeUrlSuperHandler.go:331.2,331.18 1 4
UlboraApiGateway/handlers/routeUrlSuperHandler.go:305.17,309.3 3 0
UlboraApiGateway/handlers/routeUrlSuperHandler.go:309.3,318.3 6 4
UlboraApiGateway/handlers/routeUrlSuperHandler.go:319.18,321.3 1 0
UlboraApiGateway/handlers/routeUrlSuperHandler.go:322.19,324.3 1 1
UlboraApiGateway/handlers/routeUrlSuperHandler.go:325.19,327.3 1 0
UlboraApiGateway/handlers/routeUrlSuperHandler.go:332.16,336.23 4 3
UlboraApiGateway/handlers/routeUrlSuperHandler.go:341.3,341.20 1 3
UlboraApiGateway/handlers/routeUrlSuperHandler.go:360.10,361.37 1 1
UlboraApiGateway/handlers/routeUrlSuperHandler.go:336.23,338.4 1 3
UlboraApiGateway/handlers/routeUrlSuperHandler.go:338.4,340.4 1 0
UlboraApiGateway/handlers/routeUrlSuperHandler.go:341.20,343.4 1 0
UlboraApiGateway/handlers/routeUrlSuperHandler.go:343.4,353.18 8 3
UlboraApiGateway/handlers/routeUrlSuperHandler.go:357.4,358.34 2 3
UlboraApiGateway/handlers/routeUrlSuperHandler.go:353.18,356.5 1 0
UlboraApiGateway/handlers/routeUrlSuperHandler.go:366.82,385.17 14 3
UlboraApiGateway/handlers/routeUrlSuperHandler.go:402.2,402.19 1 3
UlboraApiGateway/handlers/routeUrlSuperHandler.go:405.2,405.19 1 3
UlboraApiGateway/handlers/routeUrlSuperHandler.go:409.2,409.18 1 3
UlboraApiGateway/handlers/routeUrlSuperHandler.go:385.17,389.3 2 0
UlboraApiGateway/handlers/routeUrlSuperHandler.go:389.3,398.3 4 3
UlboraApiGateway/handlers/routeUrlSuperHandler.go:402.19,404.3 1 1
UlboraApiGateway/handlers/routeUrlSuperHandler.go:405.19,407.3 1 0
UlboraApiGateway/handlers/routeUrlSuperHandler.go:410.13,413.23 3 2
UlboraApiGateway/handlers/routeUrlSuperHandler.go:418.3,418.20 1 2
UlboraApiGateway/handlers/routeUrlSuperHandler.go:441.10,442.37 1 1
UlboraApiGateway/handlers/routeUrlSuperHandler.go:413.23,415.4 1 2
UlboraApiGateway/handlers/routeUrlSuperHandler.go:415.4,417.4 1 0
UlboraApiGateway/handlers/routeUrlSuperHandler.go:418.20,420.4 1 0
UlboraApiGateway/handlers/routeUrlSuperHandler.go:420.4,430.18 6 2
UlboraApiGateway/handlers/routeUrlSuperHandler.go:434.4,435.33 2 2
UlboraApiGateway/handlers/routeUrlSuperHandler.go:430.18,433.5 1 0
UlboraApiGateway/handlers/routeUrlSuperHandler.go:435.33,437.5 1 1
UlboraApiGateway/handlers/routeUrlSuperHandler.go:437.5,439.5 1 1
UlboraApiGateway/handlers/gatewayHandlers.go:61.72,90.17 23 1
UlboraApiGateway/handlers/gatewayHandlers.go:96.2,119.19 15 1
UlboraApiGateway/handlers/gatewayHandlers.go:159.2,174.20 9 1
UlboraApiGateway/handlers/gatewayHandlers.go:90.17,92.3 1 0
UlboraApiGateway/handlers/gatewayHandlers.go:119.19,125.3 5 1
UlboraApiGateway/handlers/gatewayHandlers.go:125.3,125.36 1 0
UlboraApiGateway/handlers/gatewayHandlers.go:125.36,131.3 5 0
UlboraApiGateway/handlers/gatewayHandlers.go:131.3,132.19 1 0
UlboraApiGateway/handlers/gatewayHandlers.go:133.31,138.26 5 0
UlboraApiGateway/handlers/gatewayHandlers.go:139.14,144.26 5 0
UlboraApiGateway/handlers/gatewayHandlers.go:145.17,150.26 5 0
UlboraApiGateway/handlers/gatewayHandlers.go:151.18,156.26 5 0
UlboraApiGateway/handlers/breakerSuperHandler.go:47.81,57.33 10 4
UlboraApiGateway/handlers/breakerSuperHandler.go:57.33,59.3 1 1
UlboraApiGateway/handlers/breakerSuperHandler.go:59.3,60.19 1 3
UlboraApiGateway/handlers/breakerSuperHandler.go:61.15,64.24 3 2
UlboraApiGateway/handlers/breakerSuperHandler.go:69.4,69.21 1 2
UlboraApiGateway/handlers/breakerSuperHandler.go:100.11,101.38 1 1
UlboraApiGateway/handlers/breakerSuperHandler.go:64.24,66.5 1 2
UlboraApiGateway/handlers/breakerSuperHandler.go:66.5,68.5 1 0
UlboraApiGateway/handlers/breakerSuperHandler.go:69.21,71.5 1 0
UlboraApiGateway/handlers/breakerSuperHandler.go:71.5,75.21 4 2
UlboraApiGateway/handlers/breakerSuperHandler.go:75.21,78.6 2 0
UlboraApiGateway/handlers/breakerSuperHandler.go:78.6,78.77 1 2
UlboraApiGateway/handlers/breakerSuperHandler.go:78.77,80.6 1 1
UlboraApiGateway/handlers/breakerSuperHandler.go:80.6,86.20 4 1
UlboraApiGateway/handlers/breakerSuperHandler.go:91.6,92.21 2 1
UlboraApiGateway/handlers/breakerSuperHandler.go:96.6,97.36 2 1
UlboraApiGateway/handlers/breakerSuperHandler.go:86.20,90.7 2 0
UlboraApiGateway/handlers/breakerSuperHandler.go:92.21,95.7 1 0
UlboraApiGateway/handlers/breakerSuperHandler.go:107.80,117.33 10 4
UlboraApiGateway/handlers/breakerSuperHandler.go:117.33,119.3 1 1
UlboraApiGateway/handlers/breakerSuperHandler.go:119.3,120.19 1 3
UlboraApiGateway/handlers/breakerSuperHandler.go:121.14,124.24 3 2
UlboraApiGateway/handlers/breakerSuperHandler.go:129.4,129.21 1 2
UlboraApiGateway/handlers/breakerSuperHandler.go:160.11,161.38 1 1
UlboraApiGateway/handlers/breakerSuperHandler.go:124.24,126.5 1 2
UlboraApiGateway/handlers/breakerSuperHandler.go:126.5,128.5 1 0
UlboraApiGateway/handlers/breakerSuperHandler.go:129.21,131.5 1 0
UlboraApiGateway/handlers/breakerSuperHandler.go:131.5,135.21 4 2
UlboraApiGateway/handlers/breakerSuperHandler.go:135.21,138.6 2 0
UlboraApiGateway/handlers/breakerSuperHandler.go:138.6,138.91 1 2
UlboraApiGateway/handlers/breakerSuperHandler.go:138.91,140.6 1 1
UlboraApiGateway/handlers/breakerSuperHandler.go:140.6,146.20 4 1
UlboraApiGateway/handlers/breakerSuperHandler.go:151.6,152.21 2 1
UlboraApiGateway/handlers/breakerSuperHandler.go:156.6,157.36 2 1
UlboraApiGateway/handlers/breakerSuperHandler.go:146.20,150.7 2 0
UlboraApiGateway/handlers/breakerSuperHandler.go:152.21,155.7 1 0
UlboraApiGateway/handlers/breakerSuperHandler.go:167.82,177.33 10 4
UlboraApiGateway/handlers/breakerSuperHandler.go:177.33,179.3 1 1
UlboraApiGateway/handlers/breakerSuperHandler.go:179.3,180.19 1 3
UlboraApiGateway/handlers/breakerSuperHandler.go:181.15,184.24 3 2
UlboraApiGateway/handlers/breakerSuperHandler.go:189.4,189.21 1 2
UlboraApiGateway/handlers/breakerSuperHandler.go:215.11,216.38 1 1
UlboraApiGateway/handlers/breakerSuperHandler.go:184.24,186.5 1 2
UlboraApiGateway/handlers/breakerSuperHandler.go:186.5,188.5 1 0
UlboraApiGateway/handlers/breakerSuperHandler.go:189.21,191.5 1 0
UlboraApiGateway/handlers/breakerSuperHandler.go:191.5,195.21 4 2
UlboraApiGateway/handlers/breakerSuperHandler.go:195.21,198.6 2 0
UlboraApiGateway/handlers/breakerSuperHandler.go:198.6,198.54 1 2
UlboraApiGateway/handlers/breakerSuperHandler.go:198.54,200.6 1 1
UlboraApiGateway/handlers/breakerSuperHandler.go:200.6,207.21 5 1
UlboraApiGateway/handlers/breakerSuperHandler.go:211.6,212.36 2 1
UlboraApiGateway/handlers/breakerSuperHandler.go:207.21,210.7 1 0
UlboraApiGateway/handlers/breakerSuperHandler.go:222.80,241.17 15 5
UlboraApiGateway/handlers/breakerSuperHandler.go:255.2,255.19 1 5
UlboraApiGateway/handlers/breakerSuperHandler.go:258.2,258.19 1 5
UlboraApiGateway/handlers/breakerSuperHandler.go:261.2,261.19 1 5
UlboraApiGateway/handlers/breakerSuperHandler.go:267.2,267.18 1 5
UlboraApiGateway/handlers/breakerSuperHandler.go:241.17,245.3 3 0
UlboraApiGateway/handlers/breakerSuperHandler.go:245.3,254.3 6 5
UlboraApiGateway/handlers/breakerSuperHandler.go:255.19,257.3 1 0
UlboraApiGateway/handlers/breakerSuperHandler.go:258.19,260.3 1 1
UlboraApiGateway/handlers/breakerSuperHandler.go:261.19,263.3 1 0
UlboraApiGateway/handlers/breakerSuperHandler.go:268.13,272.23 4 4
UlboraApiGateway/handlers/breakerSuperHandler.go:277.3,277.20 1 4
UlboraApiGateway/handlers/breakerSuperHandler.go:295.10,296.37 1 1
UlboraApiGateway/handlers/breakerSuperHandler.go:272.23,274.4 1 4
UlboraApiGateway/handlers/breakerSuperHandler.go:274.4,276.4 1 0
UlboraApiGateway/handlers/breakerSuperHandler.go:277.20,279.4 1 0
UlboraApiGateway/handlers/breakerSuperHandler.go:279.4,288.18 7 4
UlboraApiGateway/handlers/breakerSuperHandler.go:292.4,293.34 2 4
UlboraApiGateway/handlers/breakerSuperHandler.go:288.18,291.5 1 0
UlboraApiGateway/handlers/breakerSuperHandler.go:301.83,320.17 15 3
UlboraApiGateway/handlers/breakerSuperHandler.go:334.2,334.19 1 3
UlboraApiGateway/handlers/breakerSuperHandler.go:337.2,337.19 1 3
UlboraApiGateway/handlers/breakerSuperHandler.go:340.2,340.19 1 3
UlboraApiGateway/handlers/breakerSuperHandler.go:346.2,346.18 1 3
UlboraApiGateway/handlers/breakerSuperHandler.go:320.17,324.3 3 0
UlboraApiGateway/handlers/breakerSuperHandler.go:324.3,333.3 6 3
UlboraApiGateway/handlers/breakerSuperHandler.go:334.19,336.3 1 1
UlboraApiGateway/handlers/breakerSuperHandler.go:337.19,339.3 1 0
UlboraApiGateway/handlers/breakerSuperHandler.go:340.19,342.3 1 0
UlboraApiGateway/handlers/breakerSuperHandler.go:347.16,351.23 4 2
UlboraApiGateway/handlers/breakerSuperHandler.go:356.3,356.20 1 2
UlboraApiGateway/handlers/breakerSuperHandler.go:378.10,379.37 1 1
UlboraApiGateway/handlers/breakerSuperHandler.go:351.23,353.4 1 2
UlboraApiGateway/handlers/breakerSuperHandler.go:353.4,355.4 1 0
UlboraApiGateway/handlers/breakerSuperHandler.go:356.20,358.4 1 0
UlboraApiGateway/handlers/breakerSuperHandler.go:358.4,371.18 9 2
UlboraApiGateway/handlers/breakerSuperHandler.go:375.4,376.34 2 2
UlboraApiGateway/handlers/breakerSuperHandler.go:371.18,374.5 1 0
UlboraApiGateway/handlers/breakerSuperHandler.go:384.83,400.17 13 4
UlboraApiGateway/handlers/breakerSuperHandler.go:410.2,410.19 1 4
UlboraApiGateway/handlers/breakerSuperHandler.go:414.2,414.19 1 4
UlboraApiGateway/handlers/breakerSuperHandler.go:422.2,422.18 1 4
UlboraApiGateway/handlers/breakerSuperHandler.go:400.17,403.3 2 0
UlboraApiGateway/handlers/breakerSuperHandler.go:403.3,409.3 4 4
UlboraApiGateway/handlers/breakerSuperHandler.go:410.19,412.3 1 1
UlboraApiGateway/handlers/breakerSuperHandler.go:414.19,416.3 1 0
UlboraApiGateway/handlers/breakerSuperHandler.go:423.13,427.23 4 3
UlboraApiGateway/handlers/breakerSuperHandler.go:432.3,432.20 1 3
UlboraApiGateway/handlers/breakerSuperHandler.go:446.10,447.37 1 1
UlboraApiGateway/handlers/breakerSuperHandler.go:427.23,429.4 1 3
UlboraApiGateway/handlers/breakerSuperHandler.go:429.4,431.4 1 0
UlboraApiGateway/handlers/breakerSuperHandler.go:432.20,434.4 1 0
UlboraApiGateway/handlers/breakerSuperHandler.go:434.4,439.18 5 3
UlboraApiGateway/handlers/breakerSuperHandler.go:443.4,444.34 2 3
UlboraApiGateway/handlers/breakerSuperHandler.go:439.18,442.5 1 0
UlboraApiGateway/handlers/clusterHandler.go:40.79,41.18 1 3
UlboraApiGateway/handlers/clusterHandler.go:42.13,52.18 9 2
UlboraApiGateway/handlers/clusterHandler.go:57.3,62.17 6 2
UlboraApiGateway/handlers/clusterHandler.go:66.3,67.33 2 2
UlboraApiGateway/handlers/clusterHandler.go:68.10,69.37 1 1
UlboraApiGateway/handlers/clusterHandler.go:52.18,54.4 1 0
UlboraApiGateway/handlers/clusterHandler.go:54.4,56.4 1 2
UlboraApiGateway/handlers/clusterHandler.go:62.17,65.4 1 0
UlboraApiGateway/handlers/clusterHandler.go:74.82,75.18 1 2
UlboraApiGateway/handlers/clusterHandler.go:76.16,86.18 10 2
UlboraApiGateway/handlers/clusterHandler.go:91.3,96.17 4 2
UlboraApiGateway/handlers/clusterHandler.go:100.3,101.33 2 2
UlboraApiGateway/handlers/clusterHandler.go:102.10,103.37 1 0
UlboraApiGateway/handlers/clusterHandler.go:86.18,88.4 1 0
UlboraApiGateway/handlers/clusterHandler.go:88.4,90.4 1 2
UlboraApiGateway/handlers/clusterHandler.go:96.17,99.4 1 0
UlboraApiGateway/handlers/clusterHandler.go:108.83,109.18 1 1
UlboraApiGateway/handlers/clusterHandler.go:110.13,122.18 10 1
UlboraApiGateway/handlers/clusterHandler.go:127.3,132.17 6 1
UlboraApiGateway/handlers/clusterHandler.go:136.3,137.33 2 1
UlboraApiGateway/handlers/clusterHandler.go:138.10,139.37 1 0
UlboraApiGateway/handlers/clusterHandler.go:122.18,124.4 1 0
UlboraApiGateway/handlers/clusterHandler.go:124.4,126.4 1 1
UlboraApiGateway/handlers/clusterHandler.go:132.17,135.4 1 0
UlboraApiGateway/handlers/compressionProcessor.go:36.59,41.45 3 9
UlboraApiGateway/handlers/compressionProcessor.go:61.2,61.25 1 9
UlboraApiGateway/handlers/compressionProcessor.go:42.14,45.17 2 0
UlboraApiGateway/handlers/compressionProcessor.go:49.3,51.40 3 0
UlboraApiGateway/handlers/compressionProcessor.go:52.17,57.40 4 0
UlboraApiGateway/handlers/compressionProcessor.go:58.10,59.47 1 9
UlboraApiGateway/handlers/compressionProcessor.go:45.17,48.4 2 0
UlboraApiGateway/handlers/doOptions.go:36.43,46.17 6 1
UlboraApiGateway/handlers/doOptions.go:97.2,101.17 5 1
UlboraApiGateway/handlers/doOptions.go:46.17,49.18 3 1
UlboraApiGateway/handlers/doOptions.go:49.18,54.4 4 0
UlboraApiGateway/handlers/doOptions.go:54.4,59.19 5 1
UlboraApiGateway/handlers/doOptions.go:59.19,67.5 7 0
UlboraApiGateway/handlers/doOptions.go:67.5,70.19 3 1
UlboraApiGateway/handlers/doOptions.go:70.19,77.6 6 0
UlboraApiGateway/handlers/doOptions.go:77.6,82.34 3 1
UlboraApiGateway/handlers/doOptions.go:87.6,87.33 1 1
UlboraApiGateway/handlers/doOptions.go:82.34,84.7 1 0
UlboraApiGateway/handlers/doOptions.go:84.7,86.7 1 1
UlboraApiGateway/handlers/errorsHandler.go:41.76,50.33 9 4
UlboraApiGateway/handlers/errorsHandler.go:50.33,52.3 1 1
UlboraApiGateway/handlers/errorsHandler.go:52.3,53.19 1 3
UlboraApiGateway/handlers/errorsHandler.go:54.15,57.24 3 2
UlboraApiGateway/handlers/errorsHandler.go:62.4,62.21 1 2
UlboraApiGateway/handlers/errorsHandler.go:92.11,93.38 1 1
UlboraApiGateway/handlers/errorsHandler.go:57.24,59.5 1 2
UlboraApiGateway/handlers/errorsHandler.go:59.5,61.5 1 0
UlboraApiGateway/handlers/errorsHandler.go:62.21,64.5 1 0
UlboraApiGateway/handlers/errorsHandler.go:64.5,68.21 4 2
UlboraApiGateway/handlers/errorsHandler.go:68.21,71.6 2 0
UlboraApiGateway/handlers/errorsHandler.go:71.6,71.74 1 2
UlboraApiGateway/handlers/errorsHandler.go:71.74,73.6 1 1
UlboraApiGateway/handlers/errorsHandler.go:73.6,80.20 3 1
UlboraApiGateway/handlers/errorsHandler.go:84.6,85.35 2 1
UlboraApiGateway/handlers/errorsHandler.go:80.20,83.7 1 0
UlboraApiGateway/handlers/errorsHandler.go:85.35,87.7 1 0
UlboraApiGateway/handlers/errorsHandler.go:87.7,89.7 1 1
UlboraApiGateway/handlers/errorsHandler.go:99.71,108.33 9 4
UlboraApiGateway/handlers/errorsHandler.go:108.33,110.3 1 1
UlboraApiGateway/handlers/errorsHandler.go:110.3,111.19 1 3
UlboraApiGateway/handlers/errorsHandler.go:112.15,115.24 3 2
UlboraApiGateway/handlers/errorsHandler.go:120.4,120.21 1 2
UlboraApiGateway/handlers/errorsHandler.go:151.11,152.38 1 1
UlboraApiGateway/handlers/errorsHandler.go:115.24,117.5 1 2
UlboraApiGateway/handlers/errorsHandler.go:117.5,119.5 1 0
UlboraApiGateway/handlers/errorsHandler.go:120.21,122.5 1 0
UlboraApiGateway/handlers/errorsHandler.go:122.5,126.21 4 2
UlboraApiGateway/handlers/errorsHandler.go:126.21,129.6 2 0
UlboraApiGateway/handlers/errorsHandler.go:129.6,129.55 1 2
UlboraApiGateway/handlers/errorsHandler.go:129.55,131.6 1 1
UlboraApiGateway/handlers/errorsHandler.go:131.6,139.20 4 1
UlboraApiGateway/handlers/errorsHandler.go:143.6,144.35 2 1
UlboraApiGateway/handlers/errorsHandler.go:139.20,142.7 1 0
UlboraApiGateway/handlers/errorsHandler.go:144.35,146.7 1 0
UlboraApiGateway/handlers/errorsHandler.go:146.7,148.7 1 1
mode: atomic
UlboraApiGateway/managers/clusterManager.go:42.55,53.16 11 9
UlboraApiGateway/managers/clusterManager.go:67.2,67.12 1 9
UlboraApiGateway/managers/clusterManager.go:53.16,55.3 1 0
UlboraApiGateway/managers/clusterManager.go:55.3,61.26 6 9
UlboraApiGateway/managers/clusterManager.go:61.26,63.4 1 1
UlboraApiGateway/managers/clusterManager.go:63.4,65.4 1 8
UlboraApiGateway/managers/clusterManager.go:71.70,80.25 9 2
UlboraApiGateway/managers/clusterManager.go:95.2,95.13 1 2
UlboraApiGateway/managers/clusterManager.go:80.25,82.17 2 1
UlboraApiGateway/managers/clusterManager.go:82.17,84.4 1 0
UlboraApiGateway/managers/clusterManager.go:84.4,86.18 2 1
UlboraApiGateway/managers/clusterManager.go:86.18,88.5 1 0
UlboraApiGateway/managers/clusterManager.go:88.5,91.5 1 1
UlboraApiGateway/managers/clusterManager.go:99.70,105.19 6 2
UlboraApiGateway/managers/clusterManager.go:109.2,109.29 1 2
UlboraApiGateway/managers/clusterManager.go:123.2,123.13 1 2
UlboraApiGateway/managers/clusterManager.go:105.19,108.3 2 2
UlboraApiGateway/managers/clusterManager.go:109.29,117.26 8 1
UlboraApiGateway/managers/clusterManager.go:117.26,119.4 1 1
UlboraApiGateway/managers/clusterManager.go:120.3,122.3 1 1
UlboraApiGateway/managers/clusterManager.go:127.66,131.18 3 1
UlboraApiGateway/managers/clusterManager.go:135.2,140.20 4 1
UlboraApiGateway/managers/clusterManager.go:169.2,169.13 1 1
UlboraApiGateway/managers/clusterManager.go:131.18,134.3 2 0
UlboraApiGateway/managers/clusterManager.go:140.20,142.28 2 1
UlboraApiGateway/managers/clusterManager.go:142.28,146.4 3 2
UlboraApiGateway/managers/gatewayRoutesManager.go:38.94,51.25 10 4
UlboraApiGateway/managers/gatewayRoutesManager.go:105.2,105.39 1 4
UlboraApiGateway/managers/gatewayRoutesManager.go:122.2,125.53 2 4
UlboraApiGateway/managers/gatewayRoutesManager.go:136.2,136.16 1 4
UlboraApiGateway/managers/gatewayRoutesManager.go:51.25,53.17 2 3
UlboraApiGateway/managers/gatewayRoutesManager.go:53.17,55.4 1 0
UlboraApiGateway/managers/gatewayRoutesManager.go:55.4,57.18 2 3
UlboraApiGateway/managers/gatewayRoutesManager.go:57.18,59.5 1 0
UlboraApiGateway/managers/gatewayRoutesManager.go:62.3,67.19 3 1
UlboraApiGateway/managers/gatewayRoutesManager.go:71.3,76.21 4 1
UlboraApiGateway/managers/gatewayRoutesManager.go:67.19,70.4 2 0
UlboraApiGateway/managers/gatewayRoutesManager.go:76.21,78.29 2 1
UlboraApiGateway/managers/gatewayRoutesManager.go:84.4,87.18 2 1
UlboraApiGateway/managers/gatewayRoutesManager.go:78.29,82.5 3 2
UlboraApiGateway/managers/gatewayRoutesManager.go:87.18,89.5 1 0
UlboraApiGateway/managers/gatewayRoutesManager.go:89.5,89.28 1 1
UlboraApiGateway/managers/gatewayRoutesManager.go:89.28,91.5 1 0
UlboraApiGateway/managers/gatewayRoutesManager.go:91.5,97.28 6 1
UlboraApiGateway/managers/gatewayRoutesManager.go:97.28,99.6 1 0
UlboraApiGateway/managers/gatewayRoutesManager.go:105.39,106.22 1 3
UlboraApiGateway/managers/gatewayRoutesManager.go:106.22,107.29 1 6
UlboraApiGateway/managers/gatewayRoutesManager.go:107.29,109.10 2 3
UlboraApiGateway/managers/gatewayRoutesManager.go:112.3,112.25 1 1
UlboraApiGateway/managers/gatewayRoutesManager.go:112.25,113.22 1 1
UlboraApiGateway/managers/gatewayRoutesManager.go:113.22,114.32 1 1
UlboraApiGateway/managers/gatewayRoutesManager.go:114.32,116.10 2 1
UlboraApiGateway/managers/gatewayRoutesManager.go:125.53,126.22 1 1
UlboraApiGateway/managers/gatewayRoutesManager.go:126.22,127.44 1 1
UlboraApiGateway/managers/gatewayRoutesManager.go:127.44,129.10 2 1
UlboraApiGateway/managers/gatewayRoutesManager.go:132.3,132.29 1 3
UlboraApiGateway/managers/gatewayRoutesManager.go:132.29,135.3 2 1
UlboraApiGateway/managers/gatewayRoutesManager.go:139.65,141.24 2 4
UlboraApiGateway/managers/gatewayRoutesManager.go:155.2,155.13 1 4
UlboraApiGateway/managers/gatewayRoutesManager.go:141.24,148.17 7 4
UlboraApiGateway/managers/gatewayRoutesManager.go:148.17,151.4 2 0
UlboraApiGateway/managers/gatewayRoutesManager.go:151.4,153.4 1 4
UlboraApiGateway/managers/manager.go:102.39,104.17 2 5
UlboraApiGateway/managers/manager.go:107.2,107.12 1 5
UlboraApiGateway/managers/manager.go:104.17,106.3 1 5
UlboraApiGateway/managers/manager.go:111.37,113.17 2 5
UlboraApiGateway/managers/manager.go:116.2,116.12 1 5
UlboraApiGateway/managers/manager.go:113.17,115.3 1 5
UlboraApiGateway/managers/manager.go:119.63,125.2 5 7
UlboraApiGateway/managers/restRouteManager.go:35.70,38.18 3 4
UlboraApiGateway/managers/restRouteManager.go:42.2,45.21 4 4
UlboraApiGateway/managers/restRouteManager.go:48.2,50.13 3 4
UlboraApiGateway/managers/restRouteManager.go:38.18,41.3 2 0
UlboraApiGateway/managers/restRouteManager.go:45.21,47.3 1 4
UlboraApiGateway/managers/restRouteManager.go:54.70,57.18 3 1
UlboraApiGateway/managers/restRouteManager.go:61.2,65.16 5 1
UlboraApiGateway/managers/restRouteManager.go:73.2,76.21 4 1
UlboraApiGateway/managers/restRouteManager.go:85.2,87.13 3 1
UlboraApiGateway/managers/restRouteManager.go:57.18,60.3 2 0
UlboraApiGateway/managers/restRouteManager.go:65.16,72.3 6 1
UlboraApiGateway/managers/restRouteManager.go:76.21,84.3 7 1
UlboraApiGateway/managers/restRouteManager.go:91.61,96.19 5 6
UlboraApiGateway/managers/restRouteManager.go:102.2,102.12 1 6
UlboraApiGateway/managers/restRouteManager.go:96.19,101.3 2 6
UlboraApiGateway/managers/restRouteManager.go:106.67,111.20 5 1
UlboraApiGateway/managers/restRouteManager.go:119.2,119.13 1 1
UlboraApiGateway/managers/restRouteManager.go:111.20,113.28 2 1
UlboraApiGateway/managers/restRouteManager.go:113.28,117.4 3 1
UlboraApiGateway/managers/restRouteManager.go:123.70,126.18 3 1
UlboraApiGateway/managers/restRouteManager.go:130.2,134.16 5 1
UlboraApiGateway/managers/restRouteManager.go:142.2,145.21 4 1
UlboraApiGateway/managers/restRouteManager.go:154.2,156.13 3 1
UlboraApiGateway/managers/restRouteManager.go:126.18,129.3 2 0
UlboraApiGateway/managers/restRouteManager.go:134.16,141.3 6 1
UlboraApiGateway/managers/restRouteManager.go:145.21,153.3 7 1
UlboraApiGateway/managers/restRouteManager.go:159.55,161.24 2 9
UlboraApiGateway/managers/restRouteManager.go:176.2,176.13 1 9
UlboraApiGateway/managers/restRouteManager.go:161.24,163.19 2 9
UlboraApiGateway/managers/restRouteManager.go:168.3,170.20 3 9
UlboraApiGateway/managers/restRouteManager.go:163.19,165.4 1 0
UlboraApiGateway/managers/restRouteManager.go:165.4,167.4 1 9
UlboraApiGateway/managers/restRouteManager.go:170.20,172.4 1 0
UlboraApiGateway/managers/restRouteManager.go:172.4,174.4 1 9
UlboraApiGateway/managers/routeUrlManager.go:35.68,38.18 3 6
UlboraApiGateway/managers/routeUrlManager.go:42.2,45.21 4 6
UlboraApiGateway/managers/routeUrlManager.go:48.2,50.13 3 6
UlboraApiGateway/managers/routeUrlManager.go:38.18,41.3 2 0
UlboraApiGateway/managers/routeUrlManager.go:45.21,47.3 1 6
UlboraApiGateway/managers/routeUrlManager.go:54.68,57.18 3 1
UlboraApiGateway/managers/routeUrlManager.go:61.2,64.21 4 1
UlboraApiGateway/managers/routeUrlManager.go:80.2,82.13 3 1
UlboraApiGateway/managers/routeUrlManager.go:57.18,60.3 2 0
UlboraApiGateway/managers/routeUrlManager.go:64.21,71.19 7 1
UlboraApiGateway/managers/routeUrlManager.go:71.19,78.4 6 1
UlboraApiGateway/managers/routeUrlManager.go:86.70,89.18 3 3
UlboraApiGateway/managers/routeUrlManager.go:93.2,96.21 4 3
UlboraApiGateway/managers/routeUrlManager.go:116.2,118.13 3 3
UlboraApiGateway/managers/routeUrlManager.go:89.18,92.3 2 0
UlboraApiGateway/managers/routeUrlManager.go:96.21,99.23 3 3
UlboraApiGateway/managers/routeUrlManager.go:99.23,106.20 7 3
UlboraApiGateway/managers/routeUrlManager.go:106.20,113.5 6 3
UlboraApiGateway/managers/routeUrlManager.go:122.58,127.19 5 1
UlboraApiGateway/managers/routeUrlManager.go:133.2,133.12 1 1
UlboraApiGateway/managers/routeUrlManager.go:127.19,132.3 2 1
UlboraApiGateway/managers/routeUrlManager.go:137.64,142.20 5 1
UlboraApiGateway/managers/routeUrlManager.go:150.2,150.13 1 1
UlboraApiGateway/managers/routeUrlManager.go:142.20,144.28 2 1
UlboraApiGateway/managers/routeUrlManager.go:144.28,148.4 3 2
UlboraApiGateway/managers/routeUrlManager.go:154.68,157.18 3 2
UlboraApiGateway/managers/routeUrlManager.go:161.2,164.21 4 2
UlboraApiGateway/managers/routeUrlManager.go:180.2,182.13 3 2
UlboraApiGateway/managers/routeUrlManager.go:157.18,160.3 2 0
UlboraApiGateway/managers/routeUrlManager.go:164.21,171.19 7 1
UlboraApiGateway/managers/routeUrlManager.go:171.19,178.4 6 1
UlboraApiGateway/managers/routeUrlManager.go:185.53,187.24 2 3
UlboraApiGateway/managers/routeUrlManager.go:216.2,216.13 1 3
UlboraApiGateway/managers/routeUrlManager.go:187.24,189.19 2 3
UlboraApiGateway/managers/routeUrlManager.go:194.3,197.17 4 3
UlboraApiGateway/managers/routeUrlManager.go:203.3,204.20 2 3
UlboraApiGateway/managers/routeUrlManager.go:209.3,210.20 2 3
UlboraApiGateway/managers/routeUrlManager.go:189.19,191.4 1 0
UlboraApiGateway/managers/routeUrlManager.go:191.4,193.4 1 3
UlboraApiGateway/managers/routeUrlManager.go:197.17,200.4 2 0
UlboraApiGateway/managers/routeUrlManager.go:200.4,202.4 1 3
UlboraApiGateway/managers/routeUrlManager.go:204.20,206.4 1 0
UlboraApiGateway/managers/routeUrlManager.go:206.4,208.4 1 3
UlboraApiGateway/managers/routeUrlManager.go:210.20,212.4 1 0
UlboraApiGateway/managers/routeUrlManager.go:212.4,214.4 1 3
UlboraApiGateway/managers/clientManager.go:34.68,37.18 3 5
UlboraApiGateway/managers/clientManager.go:41.2,44.21 4 5
UlboraApiGateway/managers/clientManager.go:47.2,49.13 3 5
UlboraApiGateway/managers/clientManager.go:37.18,40.3 2 0
UlboraApiGateway/managers/clientManager.go:44.21,46.3 1 5
UlboraApiGateway/managers/clientManager.go:53.68,56.18 3 1
UlboraApiGateway/managers/clientManager.go:60.2,63.21 4 1
UlboraApiGateway/managers/clientManager.go:66.2,68.13 3 1
UlboraApiGateway/managers/clientManager.go:56.18,59.3 2 0
UlboraApiGateway/managers/clientManager.go:63.21,65.3 1 1
UlboraApiGateway/managers/clientManager.go:72.56,77.19 5 1
UlboraApiGateway/managers/clientManager.go:83.2,83.12 1 1
UlboraApiGateway/managers/clientManager.go:77.19,82.3 2 1
UlboraApiGateway/managers/clientManager.go:87.62,92.20 4 1
UlboraApiGateway/managers/clientManager.go:100.2,100.13 1 1
UlboraApiGateway/managers/clientManager.go:92.20,94.28 2 1
UlboraApiGateway/managers/clientManager.go:94.28,98.4 3 7
UlboraApiGateway/managers/clientManager.go:104.68,107.18 3 5
UlboraApiGateway/managers/clientManager.go:111.2,114.21 4 5
UlboraApiGateway/managers/clientManager.go:117.2,119.13 3 5
UlboraApiGateway/managers/clientManager.go:107.18,110.3 2 0
UlboraApiGateway/managers/clientManager.go:114.21,116.3 1 5
UlboraApiGateway/managers/clientManager.go:122.49,124.24 2 10
UlboraApiGateway/managers/clientManager.go:141.2,141.13 1 10
UlboraApiGateway/managers/clientManager.go:124.24,126.19 2 10
UlboraApiGateway/managers/clientManager.go:131.3,133.18 3 10
UlboraApiGateway/managers/clientManager.go:139.3,139.29 1 10
UlboraApiGateway/managers/clientManager.go:126.19,128.4 1 0
UlboraApiGateway/managers/clientManager.go:128.4,130.4 1 10
UlboraApiGateway/managers/clientManager.go:133.18,136.4 2 0
UlboraApiGateway/managers/clientManager.go:136.4,138.4 1 10
mode: atomic
UlboraApiGateway/monitor/gwRoutePerformance.go:66.54,68.17 2 2
UlboraApiGateway/monitor/gwRoutePerformance.go:71.2,71.12 1 2
UlboraApiGateway/monitor/gwRoutePerformance.go:68.17,70.3 1 2
UlboraApiGateway/monitor/gwRoutePerformance.go:75.92,79.18 4 4
UlboraApiGateway/monitor/gwRoutePerformance.go:84.2,86.32 3 4
UlboraApiGateway/monitor/gwRoutePerformance.go:93.2,93.21 1 4
UlboraApiGateway/monitor/gwRoutePerformance.go:79.18,82.3 2 0
UlboraApiGateway/monitor/gwRoutePerformance.go:86.32,90.3 1 4
UlboraApiGateway/monitor/gwRoutePerformance.go:90.3,92.3 1 0
UlboraApiGateway/monitor/gwRoutePerformance.go:97.92,101.20 4 4
UlboraApiGateway/monitor/gwRoutePerformance.go:111.2,111.13 1 4
UlboraApiGateway/monitor/gwRoutePerformance.go:101.20,105.28 2 4
UlboraApiGateway/monitor/gwRoutePerformance.go:105.28,109.4 3 4
UlboraApiGateway/monitor/gwRoutePerformance.go:115.122,129.23 10 6
UlboraApiGateway/monitor/gwRoutePerformance.go:160.2,160.19 1 6
UlboraApiGateway/monitor/gwRoutePerformance.go:236.2,236.12 1 6
UlboraApiGateway/monitor/gwRoutePerformance.go:129.23,133.26 4 3
UlboraApiGateway/monitor/gwRoutePerformance.go:133.26,137.18 2 1
UlboraApiGateway/monitor/gwRoutePerformance.go:137.18,139.5 1 0
UlboraApiGateway/monitor/gwRoutePerformance.go:139.5,141.19 2 1
UlboraApiGateway/monitor/gwRoutePerformance.go:141.19,143.6 1 0
UlboraApiGateway/monitor/gwRoutePerformance.go:143.6,147.6 1 1
UlboraApiGateway/monitor/gwRoutePerformance.go:149.4,149.39 1 2
UlboraApiGateway/monitor/gwRoutePerformance.go:149.39,154.4 2 0
UlboraApiGateway/monitor/gwRoutePerformance.go:155.3,159.3 1 3
UlboraApiGateway/monitor/gwRoutePerformance.go:160.19,163.34 3 2
UlboraApiGateway/monitor/gwRoutePerformance.go:163.34,174.18 9 2
UlboraApiGateway/monitor/gwRoutePerformance.go:178.4,178.19 1 2
UlboraApiGateway/monitor/gwRoutePerformance.go:174.18,176.5 1 0
UlboraApiGateway/monitor/gwRoutePerformance.go:178.19,179.27 1 2
UlboraApiGateway/monitor/gwRoutePerformance.go:179.27,183.29 2 1
UlboraApiGateway/monitor/gwRoutePerformance.go:183.29,186.7 2 0
UlboraApiGateway/monitor/gwRoutePerformance.go:186.7,188.7 1 1
UlboraApiGateway/monitor/gwRoutePerformance.go:189.6,192.6 2 1
UlboraApiGateway/monitor/gwRoutePerformance.go:193.5,194.27 1 0
UlboraApiGateway/monitor/gwRoutePerformance.go:194.27,196.21 2 0
UlboraApiGateway/monitor/gwRoutePerformance.go:196.21,199.7 2 0
UlboraApiGateway/monitor/gwRoutePerformance.go:199.7,201.7 1 0
UlboraApiGateway/monitor/gwRoutePerformance.go:202.6,205.6 2 0
UlboraApiGateway/monitor/gwRoutePerformance.go:207.4,208.26 1 0
UlboraApiGateway/monitor/gwRoutePerformance.go:208.26,210.20 2 0
UlboraApiGateway/monitor/gwRoutePerformance.go:210.20,213.6 2 0
UlboraApiGateway/monitor/gwRoutePerformance.go:213.6,215.6 1 0
UlboraApiGateway/monitor/gwRoutePerformance.go:216.5,219.5 2 0
UlboraApiGateway/monitor/gwRoutePerformance.go:222.3,226.25 3 4
UlboraApiGateway/monitor/gwRoutePerformance.go:234.3,234.13 1 4
UlboraApiGateway/monitor/gwRoutePerformance.go:226.25,228.19 2 2
UlboraApiGateway/monitor/gwRoutePerformance.go:228.19,230.5 1 0
UlboraApiGateway/monitor/gwRoutePerformance.go:231.4,233.4 1 2
UlboraApiGateway/monitor/gwRoutePerformance.go:240.67,244.17 4 8
UlboraApiGateway/monitor/gwRoutePerformance.go:249.2,249.16 1 8
UlboraApiGateway/monitor/gwRoutePerformance.go:244.17,246.3 1 2
UlboraApiGateway/monitor/gwRoutePerformance.go:253.52,255.17 2 2
UlboraApiGateway/monitor/gwRoutePerformance.go:258.2,258.12 1 2
UlboraApiGateway/monitor/gwRoutePerformance.go:255.17,257.3 1 2
UlboraApiGateway/monitor/gwRoutePerformance.go:261.66,263.24 2 4
UlboraApiGateway/monitor/gwRoutePerformance.go:272.2,272.13 1 4
UlboraApiGateway/monitor/gwRoutePerformance.go:263.24,271.3 7 4
UlboraApiGateway/monitor/gwRoutePerformance.go:286.76,293.16 3 2
UlboraApiGateway/monitor/gwRoutePerformance.go:308.2,308.12 1 2
UlboraApiGateway/monitor/gwRoutePerformance.go:293.16,295.3 1 0
UlboraApiGateway/monitor/gwRoutePerformance.go:295.3,301.26 6 2
UlboraApiGateway/monitor/gwRoutePerformance.go:301.26,303.4 1 0
UlboraApiGateway/monitor/gwRoutePerformance.go:303.4,306.4 1 2
