mode: set
UlboraApiGateway/managers/clientManager.go:34.68,37.18 3 1
UlboraApiGateway/managers/clientManager.go:41.2,44.21 4 1
UlboraApiGateway/managers/clientManager.go:47.2,49.13 3 1
UlboraApiGateway/managers/clientManager.go:37.18,40.3 2 0
UlboraApiGateway/managers/clientManager.go:44.21,46.3 1 1
UlboraApiGateway/managers/clientManager.go:53.68,56.18 3 1
UlboraApiGateway/managers/clientManager.go:60.2,63.21 4 1
UlboraApiGateway/managers/clientManager.go:66.2,68.13 3 1
UlboraApiGateway/managers/clientManager.go:56.18,59.3 2 0
UlboraApiGateway/managers/clientManager.go:63.21,65.3 1 1
UlboraApiGateway/managers/clientManager.go:72.56,77.19 5 1
UlboraApiGateway/managers/clientManager.go:83.2,83.12 1 1
UlboraApiGateway/managers/clientManager.go:77.19,82.3 2 1
UlboraApiGateway/managers/clientManager.go:87.62,92.20 4 1
UlboraApiGateway/managers/clientManager.go:100.2,100.13 1 1
UlboraApiGateway/managers/clientManager.go:92.20,94.28 2 1
UlboraApiGateway/managers/clientManager.go:94.28,98.4 3 1
UlboraApiGateway/managers/clientManager.go:104.68,107.18 3 1
UlboraApiGateway/managers/clientManager.go:111.2,114.21 4 1
UlboraApiGateway/managers/clientManager.go:117.2,119.13 3 1
UlboraApiGateway/managers/clientManager.go:107.18,110.3 2 0
UlboraApiGateway/managers/clientManager.go:114.21,116.3 1 1
UlboraApiGateway/managers/clientManager.go:122.49,124.24 2 1
UlboraApiGateway/managers/clientManager.go:141.2,141.13 1 1
UlboraApiGateway/managers/clientManager.go:124.24,126.19 2 1
UlboraApiGateway/managers/clientManager.go:131.3,133.18 3 1
UlboraApiGateway/managers/clientManager.go:139.3,139.29 1 1
UlboraApiGateway/managers/clientManager.go:126.19,128.4 1 0
UlboraApiGateway/managers/clientManager.go:128.4,130.4 1 1
UlboraApiGateway/managers/clientManager.go:133.18,136.4 2 0
UlboraApiGateway/managers/clientManager.go:136.4,138.4 1 1
UlboraApiGateway/managers/clusterManager.go:44.73,54.25 9 1
UlboraApiGateway/managers/clusterManager.go:107.2,107.13 1 1
UlboraApiGateway/managers/clusterManager.go:54.25,56.17 2 1
UlboraApiGateway/managers/clusterManager.go:56.17,58.4 1 0
UlboraApiGateway/managers/clusterManager.go:58.4,60.18 2 1
UlboraApiGateway/managers/clusterManager.go:60.18,62.5 1 0
UlboraApiGateway/managers/clusterManager.go:65.3,69.19 3 1
UlboraApiGateway/managers/clusterManager.go:73.3,78.21 4 1
UlboraApiGateway/managers/clusterManager.go:69.19,72.4 2 0
UlboraApiGateway/managers/clusterManager.go:78.21,80.29 2 1
UlboraApiGateway/managers/clusterManager.go:85.4,88.18 2 1
UlboraApiGateway/managers/clusterManager.go:80.29,84.5 3 1
UlboraApiGateway/managers/clusterManager.go:88.18,91.5 2 0
UlboraApiGateway/managers/clusterManager.go:91.5,91.28 1 1
UlboraApiGateway/managers/clusterManager.go:91.28,93.5 1 1
UlboraApiGateway/managers/clusterManager.go:93.5,101.28 6 1
UlboraApiGateway/managers/clusterManager.go:101.28,103.6 1 0
UlboraApiGateway/managers/clusterManager.go:111.54,122.2 6 1
UlboraApiGateway/managers/clusterManager.go:125.76,134.2 8 1
UlboraApiGateway/managers/clusterManager.go:137.64,143.2 5 1
UlboraApiGateway/managers/clusterManager.go:145.115,147.24 2 1
UlboraApiGateway/managers/clusterManager.go:166.2,166.13 1 1
UlboraApiGateway/managers/clusterManager.go:147.24,154.17 7 1
UlboraApiGateway/managers/clusterManager.go:160.3,164.28 5 1
UlboraApiGateway/managers/clusterManager.go:154.17,157.4 2 0
UlboraApiGateway/managers/clusterManager.go:157.4,159.4 1 1
UlboraApiGateway/managers/gatewayRoutesManager.go:38.94,51.25 10 1
UlboraApiGateway/managers/gatewayRoutesManager.go:105.2,105.39 1 1
UlboraApiGateway/managers/gatewayRoutesManager.go:122.2,125.53 2 1
UlboraApiGateway/managers/gatewayRoutesManager.go:136.2,136.16 1 1
UlboraApiGateway/managers/gatewayRoutesManager.go:51.25,53.17 2 1
UlboraApiGateway/managers/gatewayRoutesManager.go:53.17,55.4 1 0
UlboraApiGateway/managers/gatewayRoutesManager.go:55.4,57.18 2 1
UlboraApiGateway/managers/gatewayRoutesManager.go:57.18,59.5 1 0
UlboraApiGateway/managers/gatewayRoutesManager.go:62.3,67.19 3 1
UlboraApiGateway/managers/gatewayRoutesManager.go:71.3,76.21 4 1
UlboraApiGateway/managers/gatewayRoutesManager.go:67.19,70.4 2 0
UlboraApiGateway/managers/gatewayRoutesManager.go:76.21,78.29 2 1
UlboraApiGateway/managers/gatewayRoutesManager.go:84.4,87.18 2 1
UlboraApiGateway/managers/gatewayRoutesManager.go:78.29,82.5 3 1
UlboraApiGateway/managers/gatewayRoutesManager.go:87.18,89.5 1 0
UlboraApiGateway/managers/gatewayRoutesManager.go:89.5,89.28 1 1
UlboraApiGateway/managers/gatewayRoutesManager.go:89.28,91.5 1 0
UlboraApiGateway/managers/gatewayRoutesManager.go:91.5,97.28 6 1
UlboraApiGateway/managers/gatewayRoutesManager.go:97.28,99.6 1 0
UlboraApiGateway/managers/gatewayRoutesManager.go:105.39,106.22 1 1
UlboraApiGateway/managers/gatewayRoutesManager.go:106.22,107.29 1 1
UlboraApiGateway/managers/gatewayRoutesManager.go:107.29,109.10 2 1
UlboraApiGateway/managers/gatewayRoutesManager.go:112.3,112.25 1 1
UlboraApiGateway/managers/gatewayRoutesManager.go:112.25,113.22 1 1
UlboraApiGateway/managers/gatewayRoutesManager.go:113.22,114.32 1 1
UlboraApiGateway/managers/gatewayRoutesManager.go:114.32,116.10 2 1
UlboraApiGateway/managers/gatewayRoutesManager.go:125.53,126.22 1 1
UlboraApiGateway/managers/gatewayRoutesManager.go:126.22,127.44 1 1
UlboraApiGateway/managers/gatewayRoutesManager.go:127.44,129.10 2 1
UlboraApiGateway/managers/gatewayRoutesManager.go:132.3,132.29 1 1
UlboraApiGateway/managers/gatewayRoutesManager.go:132.29,135.3 2 1
UlboraApiGateway/managers/gatewayRoutesManager.go:139.65,141.24 2 1
UlboraApiGateway/managers/gatewayRoutesManager.go:155.2,155.13 1 1
UlboraApiGateway/managers/gatewayRoutesManager.go:141.24,148.17 7 1
UlboraApiGateway/managers/gatewayRoutesManager.go:148.17,151.4 2 0
UlboraApiGateway/managers/gatewayRoutesManager.go:151.4,153.4 1 1
UlboraApiGateway/managers/manager.go:115.39,117.17 2 1
UlboraApiGateway/managers/manager.go:120.2,120.12 1 1
UlboraApiGateway/managers/manager.go:117.17,119.3 1 1
UlboraApiGateway/managers/manager.go:124.37,126.17 2 1
UlboraApiGateway/managers/manager.go:129.2,129.12 1 1
UlboraApiGateway/managers/manager.go:126.17,128.3 1 1
UlboraApiGateway/managers/manager.go:132.63,138.2 5 1
UlboraApiGateway/managers/restRouteManager.go:35.70,38.18 3 1
UlboraApiGateway/managers/restRouteManager.go:42.2,45.21 4 1
UlboraApiGateway/managers/restRouteManager.go:48.2,50.13 3 1
UlboraApiGateway/managers/restRouteManager.go:38.18,41.3 2 0
UlboraApiGateway/managers/restRouteManager.go:45.21,47.3 1 1
UlboraApiGateway/managers/restRouteManager.go:54.70,57.18 3 1
UlboraApiGateway/managers/restRouteManager.go:61.2,65.16 5 1
UlboraApiGateway/managers/restRouteManager.go:73.2,76.21 4 1
UlboraApiGateway/managers/restRouteManager.go:85.2,87.13 3 1
UlboraApiGateway/managers/restRouteManager.go:57.18,60.3 2 0
UlboraApiGateway/managers/restRouteManager.go:65.16,72.3 6 1
UlboraApiGateway/managers/restRouteManager.go:76.21,84.3 7 1
UlboraApiGateway/managers/restRouteManager.go:91.61,96.19 5 1
UlboraApiGateway/managers/restRouteManager.go:102.2,102.12 1 1
UlboraApiGateway/managers/restRouteManager.go:96.19,101.3 2 1
UlboraApiGateway/managers/restRouteManager.go:106.67,111.20 5 1
UlboraApiGateway/managers/restRouteManager.go:119.2,119.13 1 1
UlboraApiGateway/managers/restRouteManager.go:111.20,113.28 2 1
UlboraApiGateway/managers/restRouteManager.go:113.28,117.4 3 1
UlboraApiGateway/managers/restRouteManager.go:123.70,126.18 3 1
UlboraApiGateway/managers/restRouteManager.go:130.2,134.16 5 1
UlboraApiGateway/managers/restRouteManager.go:142.2,145.21 4 1
UlboraApiGateway/managers/restRouteManager.go:154.2,156.13 3 1
UlboraApiGateway/managers/restRouteManager.go:126.18,129.3 2 0
UlboraApiGateway/managers/restRouteManager.go:134.16,141.3 6 1
UlboraApiGateway/managers/restRouteManager.go:145.21,153.3 7 1
UlboraApiGateway/managers/restRouteManager.go:159.55,161.24 2 1
UlboraApiGateway/managers/restRouteManager.go:176.2,176.13 1 1
UlboraApiGateway/managers/restRouteManager.go:161.24,163.19 2 1
UlboraApiGateway/managers/restRouteManager.go:168.3,170.20 3 1
UlboraApiGateway/managers/restRouteManager.go:163.19,165.4 1 0
UlboraApiGateway/managers/restRouteManager.go:165.4,167.4 1 1
UlboraApiGateway/managers/restRouteManager.go:170.20,172.4 1 0
UlboraApiGateway/managers/restRouteManager.go:172.4,174.4 1 1
UlboraApiGateway/managers/routeUrlManager.go:35.68,38.18 3 1
UlboraApiGateway/managers/routeUrlManager.go:42.2,45.21 4 1
UlboraApiGateway/managers/routeUrlManager.go:48.2,50.13 3 1
UlboraApiGateway/managers/routeUrlManager.go:38.18,41.3 2 0
UlboraApiGateway/managers/routeUrlManager.go:45.21,47.3 1 1
UlboraApiGateway/managers/routeUrlManager.go:54.68,57.18 3 1
UlboraApiGateway/managers/routeUrlManager.go:61.2,64.21 4 1
UlboraApiGateway/managers/routeUrlManager.go:80.2,82.13 3 1
UlboraApiGateway/managers/routeUrlManager.go:57.18,60.3 2 0
UlboraApiGateway/managers/routeUrlManager.go:64.21,71.19 7 1
UlboraApiGateway/managers/routeUrlManager.go:71.19,78.4 6 1
UlboraApiGateway/managers/routeUrlManager.go:86.70,89.18 3 1
UlboraApiGateway/managers/routeUrlManager.go:93.2,96.21 4 1
UlboraApiGateway/managers/routeUrlManager.go:116.2,118.13 3 1
UlboraApiGateway/managers/routeUrlManager.go:89.18,92.3 2 0
UlboraApiGateway/managers/routeUrlManager.go:96.21,99.23 3 1
UlboraApiGateway/managers/routeUrlManager.go:99.23,106.20 7 1
UlboraApiGateway/managers/routeUrlManager.go:106.20,113.5 6 1
UlboraApiGateway/managers/routeUrlManager.go:122.58,127.19 5 1
UlboraApiGateway/managers/routeUrlManager.go:133.2,133.12 1 1
UlboraApiGateway/managers/routeUrlManager.go:127.19,132.3 2 1
UlboraApiGateway/managers/routeUrlManager.go:137.64,142.20 5 1
UlboraApiGateway/managers/routeUrlManager.go:150.2,150.13 1 1
UlboraApiGateway/managers/routeUrlManager.go:142.20,144.28 2 1
UlboraApiGateway/managers/routeUrlManager.go:144.28,148.4 3 1
UlboraApiGateway/managers/routeUrlManager.go:154.68,157.18 3 1
UlboraApiGateway/managers/routeUrlManager.go:161.2,164.21 4 1
UlboraApiGateway/managers/routeUrlManager.go:180.2,182.13 3 1
UlboraApiGateway/managers/routeUrlManager.go:157.18,160.3 2 0
UlboraApiGateway/managers/routeUrlManager.go:164.21,171.19 7 1
UlboraApiGateway/managers/routeUrlManager.go:171.19,178.4 6 1
UlboraApiGateway/managers/routeUrlManager.go:185.53,187.24 2 1
UlboraApiGateway/managers/routeUrlManager.go:216.2,216.13 1 1
UlboraApiGateway/managers/routeUrlManager.go:187.24,189.19 2 1
UlboraApiGateway/managers/routeUrlManager.go:194.3,197.17 4 1
UlboraApiGateway/managers/routeUrlManager.go:203.3,204.20 2 1
UlboraApiGateway/managers/routeUrlManager.go:209.3,210.20 2 1
UlboraApiGateway/managers/routeUrlManager.go:189.19,191.4 1 0
UlboraApiGateway/managers/routeUrlManager.go:191.4,193.4 1 1
UlboraApiGateway/managers/routeUrlManager.go:197.17,200.4 2 0
UlboraApiGateway/managers/routeUrlManager.go:200.4,202.4 1 1
UlboraApiGateway/managers/routeUrlManager.go:204.20,206.4 1 0
UlboraApiGateway/managers/routeUrlManager.go:206.4,208.4 1 1
UlboraApiGateway/managers/routeUrlManager.go:210.20,212.4 1 0
UlboraApiGateway/managers/routeUrlManager.go:212.4,214.4 1 1
