mode: set
UlboraApiGateway/circuitbreaker/breaker.go:81.43,83.9 2 1
UlboraApiGateway/circuitbreaker/breaker.go:86.2,86.12 1 1
UlboraApiGateway/circuitbreaker/breaker.go:83.9,85.3 1 1
UlboraApiGateway/circuitbreaker/breaker.go:90.66,94.18 4 1
UlboraApiGateway/circuitbreaker/breaker.go:99.2,102.24 3 1
UlboraApiGateway/circuitbreaker/breaker.go:109.2,109.21 1 1
UlboraApiGateway/circuitbreaker/breaker.go:94.18,97.3 2 0
UlboraApiGateway/circuitbreaker/breaker.go:102.24,106.3 1 1
UlboraApiGateway/circuitbreaker/breaker.go:106.3,108.3 1 0
UlboraApiGateway/circuitbreaker/breaker.go:113.66,117.18 4 1
UlboraApiGateway/circuitbreaker/breaker.go:121.2,124.9 3 1
UlboraApiGateway/circuitbreaker/breaker.go:130.2,130.21 1 1
UlboraApiGateway/circuitbreaker/breaker.go:117.18,120.3 2 0
UlboraApiGateway/circuitbreaker/breaker.go:124.9,127.3 2 1
UlboraApiGateway/circuitbreaker/breaker.go:127.3,129.3 1 0
UlboraApiGateway/circuitbreaker/breaker.go:134.73,143.23 7 1
UlboraApiGateway/circuitbreaker/breaker.go:177.2,177.11 1 1
UlboraApiGateway/circuitbreaker/breaker.go:200.2,200.11 1 1
UlboraApiGateway/circuitbreaker/breaker.go:143.23,151.18 4 1
UlboraApiGateway/circuitbreaker/breaker.go:151.18,155.18 2 1
UlboraApiGateway/circuitbreaker/breaker.go:155.18,157.5 1 0
UlboraApiGateway/circuitbreaker/breaker.go:157.5,159.19 2 1
UlboraApiGateway/circuitbreaker/breaker.go:159.19,161.6 1 0
UlboraApiGateway/circuitbreaker/breaker.go:161.6,165.6 1 1
UlboraApiGateway/circuitbreaker/breaker.go:167.4,167.31 1 1
UlboraApiGateway/circuitbreaker/breaker.go:167.31,171.4 1 1
UlboraApiGateway/circuitbreaker/breaker.go:172.3,176.3 1 1
UlboraApiGateway/circuitbreaker/breaker.go:177.11,179.37 2 1
UlboraApiGateway/circuitbreaker/breaker.go:185.3,185.51 1 1
UlboraApiGateway/circuitbreaker/breaker.go:179.37,181.37 2 1
UlboraApiGateway/circuitbreaker/breaker.go:181.37,183.5 1 1
UlboraApiGateway/circuitbreaker/breaker.go:185.51,192.4 4 1
UlboraApiGateway/circuitbreaker/breaker.go:192.4,192.30 1 1
UlboraApiGateway/circuitbreaker/breaker.go:192.30,196.4 2 1
UlboraApiGateway/circuitbreaker/breaker.go:204.43,218.23 8 1
UlboraApiGateway/circuitbreaker/breaker.go:252.2,252.11 1 1
UlboraApiGateway/circuitbreaker/breaker.go:218.23,223.18 4 1
UlboraApiGateway/circuitbreaker/breaker.go:223.18,227.18 2 1
UlboraApiGateway/circuitbreaker/breaker.go:227.18,229.5 1 0
UlboraApiGateway/circuitbreaker/breaker.go:229.5,231.19 2 1
UlboraApiGateway/circuitbreaker/breaker.go:231.19,233.6 1 0
UlboraApiGateway/circuitbreaker/breaker.go:233.6,239.6 1 1
UlboraApiGateway/circuitbreaker/breaker.go:241.4,241.31 1 1
UlboraApiGateway/circuitbreaker/breaker.go:241.31,246.4 2 1
UlboraApiGateway/circuitbreaker/breaker.go:247.3,251.3 1 1
UlboraApiGateway/circuitbreaker/breaker.go:252.11,257.17 5 1
UlboraApiGateway/circuitbreaker/breaker.go:257.17,259.12 2 1
UlboraApiGateway/circuitbreaker/breaker.go:259.12,261.5 1 0
UlboraApiGateway/circuitbreaker/breaker.go:262.4,264.4 1 1
UlboraApiGateway/circuitbreaker/breaker.go:265.3,265.49 1 1
UlboraApiGateway/circuitbreaker/breaker.go:265.49,275.17 8 1
UlboraApiGateway/circuitbreaker/breaker.go:275.17,277.12 2 1
UlboraApiGateway/circuitbreaker/breaker.go:277.12,279.5 1 0
UlboraApiGateway/circuitbreaker/breaker.go:280.4,282.4 1 1
UlboraApiGateway/circuitbreaker/breaker.go:288.61,292.23 4 1
UlboraApiGateway/circuitbreaker/breaker.go:292.23,296.19 4 1
UlboraApiGateway/circuitbreaker/breaker.go:296.19,298.4 1 1
UlboraApiGateway/circuitbreaker/breaker.go:299.3,301.3 1 1
UlboraApiGateway/circuitbreaker/breaker.go:305.58,311.19 4 1
UlboraApiGateway/circuitbreaker/breaker.go:315.2,315.12 1 1
UlboraApiGateway/circuitbreaker/breaker.go:311.19,314.3 2 1
UlboraApiGateway/circuitbreaker/breaker.go:319.57,323.9 4 1
UlboraApiGateway/circuitbreaker/breaker.go:329.2,329.16 1 1
UlboraApiGateway/circuitbreaker/breaker.go:323.9,326.3 2 1
UlboraApiGateway/circuitbreaker/breaker.go:326.3,328.3 1 0
UlboraApiGateway/circuitbreaker/breaker.go:333.41,335.9 2 1
UlboraApiGateway/circuitbreaker/breaker.go:338.2,338.12 1 1
UlboraApiGateway/circuitbreaker/breaker.go:335.9,337.3 1 1
UlboraApiGateway/circuitbreaker/breaker.go:341.58,343.24 2 1
UlboraApiGateway/circuitbreaker/breaker.go:355.2,355.13 1 1
UlboraApiGateway/circuitbreaker/breaker.go:343.24,354.3 10 1
UlboraApiGateway/circuitbreaker/breaker.go:358.72,365.16 3 1
UlboraApiGateway/circuitbreaker/breaker.go:380.2,380.12 1 1
UlboraApiGateway/circuitbreaker/breaker.go:365.16,367.3 1 0
UlboraApiGateway/circuitbreaker/breaker.go:367.3,373.19 6 1
UlboraApiGateway/circuitbreaker/breaker.go:373.19,375.4 1 0
UlboraApiGateway/circuitbreaker/breaker.go:375.4,378.4 1 1
