mode: set
UlboraApiGateway/circuitbreaker/breaker.go:81.43,83.17 2 1
UlboraApiGateway/circuitbreaker/breaker.go:86.2,86.12 1 1
UlboraApiGateway/circuitbreaker/breaker.go:83.17,85.3 1 1
UlboraApiGateway/circuitbreaker/breaker.go:90.66,94.18 4 1
UlboraApiGateway/circuitbreaker/breaker.go:99.2,102.32 3 1
UlboraApiGateway/circuitbreaker/breaker.go:109.2,109.21 1 1
UlboraApiGateway/circuitbreaker/breaker.go:94.18,97.3 2 0
UlboraApiGateway/circuitbreaker/breaker.go:102.32,106.3 1 1
UlboraApiGateway/circuitbreaker/breaker.go:106.3,108.3 1 0
UlboraApiGateway/circuitbreaker/breaker.go:113.66,117.18 4 1
UlboraApiGateway/circuitbreaker/breaker.go:121.2,124.17 3 1
UlboraApiGateway/circuitbreaker/breaker.go:130.2,130.21 1 1
UlboraApiGateway/circuitbreaker/breaker.go:117.18,120.3 2 0
UlboraApiGateway/circuitbreaker/breaker.go:124.17,127.3 2 1
UlboraApiGateway/circuitbreaker/breaker.go:127.3,129.3 1 0
UlboraApiGateway/circuitbreaker/breaker.go:134.73,143.23 7 1
UlboraApiGateway/circuitbreaker/breaker.go:177.2,177.19 1 1
UlboraApiGateway/circuitbreaker/breaker.go:198.2,198.11 1 1
UlboraApiGateway/circuitbreaker/breaker.go:143.23,151.26 4 1
UlboraApiGateway/circuitbreaker/breaker.go:151.26,155.18 2 1
UlboraApiGateway/circuitbreaker/breaker.go:155.18,157.5 1 0
UlboraApiGateway/circuitbreaker/breaker.go:157.5,159.19 2 1
UlboraApiGateway/circuitbreaker/breaker.go:159.19,161.6 1 0
UlboraApiGateway/circuitbreaker/breaker.go:161.6,165.6 1 1
UlboraApiGateway/circuitbreaker/breaker.go:167.4,167.39 1 1
UlboraApiGateway/circuitbreaker/breaker.go:167.39,171.4 1 1
UlboraApiGateway/circuitbreaker/breaker.go:172.3,176.3 1 1
UlboraApiGateway/circuitbreaker/breaker.go:177.19,179.37 2 1
UlboraApiGateway/circuitbreaker/breaker.go:185.3,185.58 1 1
UlboraApiGateway/circuitbreaker/breaker.go:179.37,181.37 2 1
UlboraApiGateway/circuitbreaker/breaker.go:181.37,183.5 1 1
UlboraApiGateway/circuitbreaker/breaker.go:185.58,192.4 4 1
UlboraApiGateway/circuitbreaker/breaker.go:192.4,192.30 1 1
UlboraApiGateway/circuitbreaker/breaker.go:192.30,196.4 2 1
UlboraApiGateway/circuitbreaker/breaker.go:202.43,216.23 8 1
UlboraApiGateway/circuitbreaker/breaker.go:248.2,248.19 1 1
UlboraApiGateway/circuitbreaker/breaker.go:216.23,221.26 4 1
UlboraApiGateway/circuitbreaker/breaker.go:221.26,225.18 2 1
UlboraApiGateway/circuitbreaker/breaker.go:225.18,227.5 1 0
UlboraApiGateway/circuitbreaker/breaker.go:227.5,229.19 2 1
UlboraApiGateway/circuitbreaker/breaker.go:229.19,231.6 1 0
UlboraApiGateway/circuitbreaker/breaker.go:231.6,235.6 1 1
UlboraApiGateway/circuitbreaker/breaker.go:237.4,237.39 1 1
UlboraApiGateway/circuitbreaker/breaker.go:237.39,242.4 2 1
UlboraApiGateway/circuitbreaker/breaker.go:243.3,247.3 1 1
UlboraApiGateway/circuitbreaker/breaker.go:248.19,253.25 3 1
UlboraApiGateway/circuitbreaker/breaker.go:253.25,255.19 2 1
UlboraApiGateway/circuitbreaker/breaker.go:255.19,257.5 1 0
UlboraApiGateway/circuitbreaker/breaker.go:258.4,260.4 1 1
UlboraApiGateway/circuitbreaker/breaker.go:261.3,261.49 1 1
UlboraApiGateway/circuitbreaker/breaker.go:261.49,271.25 8 1
UlboraApiGateway/circuitbreaker/breaker.go:271.25,273.19 2 1
UlboraApiGateway/circuitbreaker/breaker.go:273.19,275.5 1 0
UlboraApiGateway/circuitbreaker/breaker.go:276.4,278.4 1 1
UlboraApiGateway/circuitbreaker/breaker.go:284.61,288.23 4 1
UlboraApiGateway/circuitbreaker/breaker.go:288.23,292.26 4 1
UlboraApiGateway/circuitbreaker/breaker.go:292.26,294.4 1 1
UlboraApiGateway/circuitbreaker/breaker.go:295.3,297.3 1 1
UlboraApiGateway/circuitbreaker/breaker.go:301.58,307.19 4 1
UlboraApiGateway/circuitbreaker/breaker.go:311.2,311.12 1 1
UlboraApiGateway/circuitbreaker/breaker.go:307.19,310.3 2 1
UlboraApiGateway/circuitbreaker/breaker.go:315.57,319.17 4 1
UlboraApiGateway/circuitbreaker/breaker.go:325.2,325.16 1 1
UlboraApiGateway/circuitbreaker/breaker.go:319.17,322.3 2 1
UlboraApiGateway/circuitbreaker/breaker.go:322.3,324.3 1 0
UlboraApiGateway/circuitbreaker/breaker.go:329.41,331.17 2 1
UlboraApiGateway/circuitbreaker/breaker.go:334.2,334.12 1 1
UlboraApiGateway/circuitbreaker/breaker.go:331.17,333.3 1 1
UlboraApiGateway/circuitbreaker/breaker.go:337.58,339.24 2 1
UlboraApiGateway/circuitbreaker/breaker.go:351.2,351.13 1 1
UlboraApiGateway/circuitbreaker/breaker.go:339.24,350.3 10 1
UlboraApiGateway/circuitbreaker/breaker.go:354.72,361.16 3 1
UlboraApiGateway/circuitbreaker/breaker.go:376.2,376.12 1 1
UlboraApiGateway/circuitbreaker/breaker.go:361.16,363.3 1 0
UlboraApiGateway/circuitbreaker/breaker.go:363.3,369.26 6 1
UlboraApiGateway/circuitbreaker/breaker.go:369.26,371.4 1 0
UlboraApiGateway/circuitbreaker/breaker.go:371.4,374.4 1 1
