mode: set
UlboraApiGateway/gwerrors/gwErrors.go:52.48,54.9 2 1
UlboraApiGateway/gwerrors/gwErrors.go:57.2,57.12 1 1
UlboraApiGateway/gwerrors/gwErrors.go:54.9,56.3 1 1
UlboraApiGateway/gwerrors/gwErrors.go:61.74,65.18 4 1
UlboraApiGateway/gwerrors/gwErrors.go:70.2,72.24 3 1
UlboraApiGateway/gwerrors/gwErrors.go:79.2,79.21 1 1
UlboraApiGateway/gwerrors/gwErrors.go:65.18,68.3 2 0
UlboraApiGateway/gwerrors/gwErrors.go:72.24,76.3 1 1
UlboraApiGateway/gwerrors/gwErrors.go:76.3,78.3 1 0
UlboraApiGateway/gwerrors/gwErrors.go:83.128,93.2 9 1
UlboraApiGateway/gwerrors/gwErrors.go:96.68,100.20 4 1
UlboraApiGateway/gwerrors/gwErrors.go:110.2,110.13 1 1
UlboraApiGateway/gwerrors/gwErrors.go:100.20,104.28 2 1
UlboraApiGateway/gwerrors/gwErrors.go:104.28,108.4 3 1
UlboraApiGateway/gwerrors/gwErrors.go:114.55,118.9 4 1
UlboraApiGateway/gwerrors/gwErrors.go:123.2,123.16 1 1
UlboraApiGateway/gwerrors/gwErrors.go:118.9,120.3 1 1
UlboraApiGateway/gwerrors/gwErrors.go:120.3,122.3 1 1
UlboraApiGateway/gwerrors/gwErrors.go:127.46,129.9 2 1
UlboraApiGateway/gwerrors/gwErrors.go:132.2,132.12 1 1
UlboraApiGateway/gwerrors/gwErrors.go:129.9,131.3 1 1
UlboraApiGateway/gwerrors/gwErrors.go:135.54,137.24 2 1
UlboraApiGateway/gwerrors/gwErrors.go:146.2,146.13 1 1
UlboraApiGateway/gwerrors/gwErrors.go:137.24,145.3 7 1
