mode: set
UlboraApiGateway/monitor/gwRoutePerformance.go:66.54,68.9 2 1
UlboraApiGateway/monitor/gwRoutePerformance.go:71.2,71.12 1 1
UlboraApiGateway/monitor/gwRoutePerformance.go:68.9,70.3 1 1
UlboraApiGateway/monitor/gwRoutePerformance.go:75.92,83.18 4 1
UlboraApiGateway/monitor/gwRoutePerformance.go:88.2,90.24 3 1
UlboraApiGateway/monitor/gwRoutePerformance.go:97.2,97.21 1 1
UlboraApiGateway/monitor/gwRoutePerformance.go:83.18,86.3 2 1
UlboraApiGateway/monitor/gwRoutePerformance.go:90.24,94.3 1 1
UlboraApiGateway/monitor/gwRoutePerformance.go:94.3,96.3 1 1
UlboraApiGateway/monitor/gwRoutePerformance.go:101.92,105.20 4 1
UlboraApiGateway/monitor/gwRoutePerformance.go:115.2,115.13 1 1
UlboraApiGateway/monitor/gwRoutePerformance.go:105.20,109.28 2 1
UlboraApiGateway/monitor/gwRoutePerformance.go:109.28,113.4 3 1
UlboraApiGateway/monitor/gwRoutePerformance.go:119.122,135.23 10 1
UlboraApiGateway/monitor/gwRoutePerformance.go:170.2,170.11 1 1
UlboraApiGateway/monitor/gwRoutePerformance.go:251.2,251.12 1 1
UlboraApiGateway/monitor/gwRoutePerformance.go:135.23,139.18 4 1
UlboraApiGateway/monitor/gwRoutePerformance.go:139.18,143.18 2 1
UlboraApiGateway/monitor/gwRoutePerformance.go:143.18,145.5 1 0
UlboraApiGateway/monitor/gwRoutePerformance.go:145.5,147.19 2 1
UlboraApiGateway/monitor/gwRoutePerformance.go:147.19,149.6 1 0
UlboraApiGateway/monitor/gwRoutePerformance.go:149.6,153.6 1 1
UlboraApiGateway/monitor/gwRoutePerformance.go:155.4,155.31 1 1
UlboraApiGateway/monitor/gwRoutePerformance.go:155.31,160.4 2 1
UlboraApiGateway/monitor/gwRoutePerformance.go:161.3,165.3 1 1
UlboraApiGateway/monitor/gwRoutePerformance.go:170.11,173.34 3 1
UlboraApiGateway/monitor/gwRoutePerformance.go:173.34,188.18 9 1
UlboraApiGateway/monitor/gwRoutePerformance.go:193.4,193.11 1 1
UlboraApiGateway/monitor/gwRoutePerformance.go:188.18,190.5 1 0
UlboraApiGateway/monitor/gwRoutePerformance.go:193.11,194.19 1 1
UlboraApiGateway/monitor/gwRoutePerformance.go:194.19,198.22 2 1
UlboraApiGateway/monitor/gwRoutePerformance.go:198.22,201.7 2 0
UlboraApiGateway/monitor/gwRoutePerformance.go:201.7,203.7 1 1
UlboraApiGateway/monitor/gwRoutePerformance.go:204.6,207.6 2 1
UlboraApiGateway/monitor/gwRoutePerformance.go:208.5,209.19 1 0
UlboraApiGateway/monitor/gwRoutePerformance.go:209.19,211.14 2 0
UlboraApiGateway/monitor/gwRoutePerformance.go:211.14,214.7 2 0
UlboraApiGateway/monitor/gwRoutePerformance.go:214.7,216.7 1 0
UlboraApiGateway/monitor/gwRoutePerformance.go:217.6,220.6 2 0
UlboraApiGateway/monitor/gwRoutePerformance.go:222.4,223.18 1 1
UlboraApiGateway/monitor/gwRoutePerformance.go:223.18,225.13 2 1
UlboraApiGateway/monitor/gwRoutePerformance.go:225.13,228.6 2 0
UlboraApiGateway/monitor/gwRoutePerformance.go:228.6,230.6 1 1
UlboraApiGateway/monitor/gwRoutePerformance.go:231.5,234.5 2 1
UlboraApiGateway/monitor/gwRoutePerformance.go:237.3,241.17 3 1
UlboraApiGateway/monitor/gwRoutePerformance.go:249.3,249.13 1 1
UlboraApiGateway/monitor/gwRoutePerformance.go:241.17,243.12 2 1
UlboraApiGateway/monitor/gwRoutePerformance.go:243.12,245.5 1 0
UlboraApiGateway/monitor/gwRoutePerformance.go:246.4,248.4 1 1
UlboraApiGateway/monitor/gwRoutePerformance.go:255.67,259.9 4 1
UlboraApiGateway/monitor/gwRoutePerformance.go:264.2,264.16 1 1
UlboraApiGateway/monitor/gwRoutePerformance.go:259.9,261.3 1 1
UlboraApiGateway/monitor/gwRoutePerformance.go:268.52,270.9 2 1
UlboraApiGateway/monitor/gwRoutePerformance.go:273.2,273.12 1 1
UlboraApiGateway/monitor/gwRoutePerformance.go:270.9,272.3 1 1
UlboraApiGateway/monitor/gwRoutePerformance.go:276.66,278.24 2 1
UlboraApiGateway/monitor/gwRoutePerformance.go:287.2,287.13 1 1
UlboraApiGateway/monitor/gwRoutePerformance.go:278.24,286.3 7 1
UlboraApiGateway/monitor/gwRoutePerformance.go:301.76,308.16 3 1
UlboraApiGateway/monitor/gwRoutePerformance.go:323.2,323.12 1 1
UlboraApiGateway/monitor/gwRoutePerformance.go:308.16,310.3 1 0
UlboraApiGateway/monitor/gwRoutePerformance.go:310.3,316.19 6 1
UlboraApiGateway/monitor/gwRoutePerformance.go:316.19,318.4 1 0
UlboraApiGateway/monitor/gwRoutePerformance.go:318.4,321.4 1 1
