mode: set
UlboraApiGateway/monitor/gwRoutePerformance.go:66.54,68.17 2 1
UlboraApiGateway/monitor/gwRoutePerformance.go:71.2,71.12 1 1
UlboraApiGateway/monitor/gwRoutePerformance.go:68.17,70.3 1 1
UlboraApiGateway/monitor/gwRoutePerformance.go:75.92,83.18 4 1
UlboraApiGateway/monitor/gwRoutePerformance.go:88.2,90.32 3 1
UlboraApiGateway/monitor/gwRoutePerformance.go:97.2,97.21 1 1
UlboraApiGateway/monitor/gwRoutePerformance.go:83.18,86.3 2 1
UlboraApiGateway/monitor/gwRoutePerformance.go:90.32,94.3 1 1
UlboraApiGateway/monitor/gwRoutePerformance.go:94.3,96.3 1 1
UlboraApiGateway/monitor/gwRoutePerformance.go:101.92,105.20 4 1
UlboraApiGateway/monitor/gwRoutePerformance.go:115.2,115.13 1 1
UlboraApiGateway/monitor/gwRoutePerformance.go:105.20,109.28 2 1
UlboraApiGateway/monitor/gwRoutePerformance.go:109.28,113.4 3 1
UlboraApiGateway/monitor/gwRoutePerformance.go:119.122,135.23 10 1
UlboraApiGateway/monitor/gwRoutePerformance.go:170.2,170.19 1 1
UlboraApiGateway/monitor/gwRoutePerformance.go:251.2,251.12 1 1
UlboraApiGateway/monitor/gwRoutePerformance.go:135.23,139.26 4 1
UlboraApiGateway/monitor/gwRoutePerformance.go:139.26,143.18 2 1
UlboraApiGateway/monitor/gwRoutePerformance.go:143.18,145.5 1 0
UlboraApiGateway/monitor/gwRoutePerformance.go:145.5,147.19 2 1
UlboraApiGateway/monitor/gwRoutePerformance.go:147.19,149.6 1 0
UlboraApiGateway/monitor/gwRoutePerformance.go:149.6,153.6 1 1
UlboraApiGateway/monitor/gwRoutePerformance.go:155.4,155.39 1 1
UlboraApiGateway/monitor/gwRoutePerformance.go:155.39,160.4 2 1
UlboraApiGateway/monitor/gwRoutePerformance.go:161.3,165.3 1 1
UlboraApiGateway/monitor/gwRoutePerformance.go:170.19,173.34 3 1
UlboraApiGateway/monitor/gwRoutePerformance.go:173.34,188.18 9 1
UlboraApiGateway/monitor/gwRoutePerformance.go:193.4,193.19 1 1
UlboraApiGateway/monitor/gwRoutePerformance.go:188.18,190.5 1 0
UlboraApiGateway/monitor/gwRoutePerformance.go:193.19,194.27 1 1
UlboraApiGateway/monitor/gwRoutePerformance.go:194.27,198.29 2 1
UlboraApiGateway/monitor/gwRoutePerformance.go:198.29,201.7 2 0
UlboraApiGateway/monitor/gwRoutePerformance.go:201.7,203.7 1 1
UlboraApiGateway/monitor/gwRoutePerformance.go:204.6,207.6 2 1
UlboraApiGateway/monitor/gwRoutePerformance.go:208.5,209.27 1 0
UlboraApiGateway/monitor/gwRoutePerformance.go:209.27,211.21 2 0
UlboraApiGateway/monitor/gwRoutePerformance.go:211.21,214.7 2 0
UlboraApiGateway/monitor/gwRoutePerformance.go:214.7,216.7 1 0
UlboraApiGateway/monitor/gwRoutePerformance.go:217.6,220.6 2 0
UlboraApiGateway/monitor/gwRoutePerformance.go:222.4,223.26 1 1
UlboraApiGateway/monitor/gwRoutePerformance.go:223.26,225.20 2 1
UlboraApiGateway/monitor/gwRoutePerformance.go:225.20,228.6 2 0
UlboraApiGateway/monitor/gwRoutePerformance.go:228.6,230.6 1 1
UlboraApiGateway/monitor/gwRoutePerformance.go:231.5,234.5 2 1
UlboraApiGateway/monitor/gwRoutePerformance.go:237.3,241.25 3 1
UlboraApiGateway/monitor/gwRoutePerformance.go:249.3,249.13 1 1
UlboraApiGateway/monitor/gwRoutePerformance.go:241.25,243.19 2 1
UlboraApiGateway/monitor/gwRoutePerformance.go:243.19,245.5 1 0
UlboraApiGateway/monitor/gwRoutePerformance.go:246.4,248.4 1 1
UlboraApiGateway/monitor/gwRoutePerformance.go:255.67,259.17 4 1
UlboraApiGateway/monitor/gwRoutePerformance.go:264.2,264.16 1 1
UlboraApiGateway/monitor/gwRoutePerformance.go:259.17,261.3 1 1
UlboraApiGateway/monitor/gwRoutePerformance.go:268.52,270.17 2 1
UlboraApiGateway/monitor/gwRoutePerformance.go:273.2,273.12 1 1
UlboraApiGateway/monitor/gwRoutePerformance.go:270.17,272.3 1 1
UlboraApiGateway/monitor/gwRoutePerformance.go:276.66,278.24 2 1
UlboraApiGateway/monitor/gwRoutePerformance.go:287.2,287.13 1 1
UlboraApiGateway/monitor/gwRoutePerformance.go:278.24,286.3 7 1
UlboraApiGateway/monitor/gwRoutePerformance.go:301.76,308.16 3 1
UlboraApiGateway/monitor/gwRoutePerformance.go:323.2,323.12 1 1
UlboraApiGateway/monitor/gwRoutePerformance.go:308.16,310.3 1 0
UlboraApiGateway/monitor/gwRoutePerformance.go:310.3,316.26 6 1
UlboraApiGateway/monitor/gwRoutePerformance.go:316.26,318.4 1 0
UlboraApiGateway/monitor/gwRoutePerformance.go:318.4,321.4 1 1
